#
# There is insufficient memory for the Java Runtime Environment to continue.
# Native memory allocation (mmap) failed to map 49283072 bytes for Failed to commit area from 0x000000008e700000 to 0x0000000091600000 of length 49283072.
# Possible reasons:
#   The system is out of physical RAM or swap space
#   The process is running with CompressedOops enabled, and the Java Heap may be blocking the growth of the native heap
# Possible solutions:
#   Reduce memory load on the system
#   Increase physical memory or swap space
#   Check if swap backing store is full
#   Decrease Java heap size (-Xmx/-Xms)
#   Decrease number of Java threads
#   Decrease Java thread stack sizes (-Xss)
#   Set larger code cache with -XX:ReservedCodeCacheSize=
#   JVM is running with Unscaled Compressed Oops mode in which the Java heap is
#     placed in the first 4GB address space. The Java Heap base address is the
#     maximum limit for the native heap growth. Please use -XX:HeapBaseMinAddress
#     to set the Java Heap base and to place the Java Heap above 4GB virtual address.
# This output file may be truncated or incomplete.
#
#  Out of Memory Error (./src/hotspot/os/windows/os_windows.cpp:3301), pid=20108, tid=22468
#
# JRE version: OpenJDK Runtime Environment (11.0.11+9) (build 11.0.11+9-b60-7590822)
# Java VM: OpenJDK 64-Bit Server VM (11.0.11+9-b60-7590822, mixed mode, tiered, compressed oops, g1 gc, windows-amd64)
# No core dump will be written. Minidumps are not enabled by default on client versions of Windows
#

---------------  S U M M A R Y ------------

Command Line: --add-opens=java.base/java.util=ALL-UNNAMED --add-opens=java.base/java.lang=ALL-UNNAMED --add-opens=java.base/java.lang.invoke=ALL-UNNAMED --add-opens=java.base/java.util=ALL-UNNAMED --add-opens=java.prefs/java.util.prefs=ALL-UNNAMED --add-opens=java.prefs/java.util.prefs=ALL-UNNAMED --add-opens=java.base/java.nio.charset=ALL-UNNAMED --add-opens=java.base/java.net=ALL-UNNAMED --add-opens=java.base/java.util.concurrent.atomic=ALL-UNNAMED -Xmx2048m -Dfile.encoding=UTF-8 -Duser.country=ID -Duser.language=en -Duser.variant org.gradle.launcher.daemon.bootstrap.GradleDaemon 7.2

Host: Intel(R) Core(TM) i5-8250U CPU @ 1.60GHz, 8 cores, 11G,  Windows 10 , 64 bit Build 22000 (10.0.22000.434)
Time: Fri Apr  1 12:58:27 2022 SE Asia Standard Time elapsed time: 165.306001 seconds (0d 0h 2m 45s)

---------------  T H R E A D  ---------------

Current thread (0x00000279af9c7800):  VMThread "VM Thread" [stack: 0x000000f976800000,0x000000f976900000] [id=22468]

Stack: [0x000000f976800000,0x000000f976900000]
[error occurred during error reporting (printing stack bounds), id 0xc0000005, EXCEPTION_ACCESS_VIOLATION (0xc0000005) at pc=0x0000027999020f2d]

Native frames: (J=compiled Java code, j=interpreted, Vv=VM code, C=native code)
V  [jvm.dll+0x5f214a]
V  [jvm.dll+0x726fb5]
V  [jvm.dll+0x7285cd]
V  [jvm.dll+0x728be5]
V  [jvm.dll+0x728b9b]
V  [jvm.dll+0x5f14e8]
V  [jvm.dll+0x5f1c78]
C  [ntdll.dll+0xa86ef]
C  [ntdll.dll+0x35aea]
C  [ntdll.dll+0xa76fe]
C  0x0000027999020f2d

VM_Operation (0x000000f97fafcb00): G1CollectForAllocation, mode: safepoint, requested by thread 0x00000279b175b800


---------------  P R O C E S S  ---------------

Threads class SMR info:
_java_thread_list=0x00000279b28480d0, length=144, elements={
0x0000027995520000, 0x00000279b01d0800, 0x00000279b01dd000, 0x00000279b022d800,
0x00000279b022e800, 0x00000279b022f800, 0x00000279b0237000, 0x00000279b0238000,
0x00000279b0243000, 0x00000279b03a0800, 0x00000279b1cfa800, 0x00000279b1ab8000,
0x00000279b1e64800, 0x00000279b2323800, 0x00000279b2328800, 0x00000279b232a000,
0x00000279b2325000, 0x00000279b2326000, 0x00000279b2326800, 0x00000279b2327800,
0x00000279b3975800, 0x00000279b3974000, 0x00000279b3979800, 0x00000279b3976000,
0x00000279b3974800, 0x00000279b397c000, 0x00000279b397b000, 0x00000279b397d800,
0x00000279b3784000, 0x00000279b3786000, 0x00000279b3781000, 0x00000279b3785000,
0x00000279b3782000, 0x00000279b3782800, 0x00000279b3783800, 0x00000279b3780000,
0x00000279b3788800, 0x00000279b3789000, 0x00000279b378b000, 0x00000279b378a000,
0x00000279b378b800, 0x00000279b378c800, 0x00000279b3786800, 0x00000279b378d000,
0x00000279b3787800, 0x00000279b378f000, 0x00000279b378e000, 0x00000279b3978000,
0x00000279b397a800, 0x00000279b397c800, 0x00000279b3978800, 0x00000279b397f000,
0x00000279b3980000, 0x00000279b3981000, 0x00000279b3981800, 0x00000279b3982800,
0x00000279b2324800, 0x00000279b2329000, 0x00000279b673e800, 0x00000279b6740800,
0x00000279b6741000, 0x00000279b6743000, 0x00000279b673d000, 0x00000279b6743800,
0x00000279b673f800, 0x00000279b6742000, 0x00000279b673e000, 0x00000279b6746000,
0x00000279b6744800, 0x00000279b674b000, 0x00000279b674a000, 0x00000279b6747000,
0x00000279b6745800, 0x00000279b674c000, 0x00000279b6747800, 0x00000279b6748800,
0x00000279b6749800, 0x00000279b6023800, 0x00000279b6026000, 0x00000279b6020800,
0x00000279b6027000, 0x00000279b6024800, 0x00000279b6021000, 0x00000279b6025000,
0x00000279b6022800, 0x00000279b6022000, 0x00000279b602a000, 0x00000279b6028800,
0x00000279b6029000, 0x00000279b602b800, 0x00000279b602c800, 0x00000279b602d800,
0x00000279b602b000, 0x00000279b6027800, 0x00000279b602e000, 0x00000279b602f000,
0x00000279b174b800, 0x00000279b1748000, 0x00000279b174a000, 0x00000279b1749000,
0x00000279b174a800, 0x00000279b1745800, 0x00000279b174c800, 0x00000279b1746800,
0x00000279b174d000, 0x00000279b1747800, 0x00000279b1750800, 0x00000279b1752000,
0x00000279b174e000, 0x00000279b174f800, 0x00000279b1753800, 0x00000279b1754800,
0x00000279b1751000, 0x00000279b1753000, 0x00000279b174e800, 0x00000279b3cb4000,
0x00000279b3cb3000, 0x00000279b3cb1800, 0x00000279b3caf000, 0x00000279b3cb0800,
0x00000279b3cb2800, 0x00000279b3cae000, 0x00000279b3cb4800, 0x00000279b3cb5800,
0x00000279b3cb0000, 0x00000279b3cb6800, 0x00000279b3cb7000, 0x00000279b3cbb800,
0x00000279b3cb9000, 0x00000279b3cb9800, 0x00000279b3cbc000, 0x00000279b3cba800,
0x00000279b3cbd000, 0x00000279b3cb8000, 0x00000279b1758000, 0x00000279b1759000,
0x00000279b175a800, 0x00000279b175b800, 0x00000279b175c800, 0x00000279b1757800,
0x00000279b1756800, 0x00000279b175a000, 0x00000279b1755800, 0x00000279b944a000
}

Java Threads: ( => current thread )
  0x0000027995520000 JavaThread "main" [_thread_blocked, id=16828, stack(0x000000f976200000,0x000000f976300000)]
  0x00000279b01d0800 JavaThread "Reference Handler" daemon [_thread_blocked, id=22440, stack(0x000000f976900000,0x000000f976a00000)]
  0x00000279b01dd000 JavaThread "Finalizer" daemon [_thread_blocked, id=22460, stack(0x000000f976a00000,0x000000f976b00000)]
  0x00000279b022d800 JavaThread "Signal Dispatcher" daemon [_thread_blocked, id=22452, stack(0x000000f976b00000,0x000000f976c00000)]
  0x00000279b022e800 JavaThread "Attach Listener" daemon [_thread_blocked, id=22448, stack(0x000000f976c00000,0x000000f976d00000)]
  0x00000279b022f800 JavaThread "Service Thread" daemon [_thread_blocked, id=20600, stack(0x000000f976d00000,0x000000f976e00000)]
  0x00000279b0237000 JavaThread "C2 CompilerThread0" daemon [_thread_blocked, id=20592, stack(0x000000f976e00000,0x000000f976f00000)]
  0x00000279b0238000 JavaThread "C1 CompilerThread0" daemon [_thread_blocked, id=19124, stack(0x000000f976f00000,0x000000f977000000)]
  0x00000279b0243000 JavaThread "Sweeper thread" daemon [_thread_blocked, id=19900, stack(0x000000f977000000,0x000000f977100000)]
  0x00000279b03a0800 JavaThread "Common-Cleaner" daemon [_thread_blocked, id=7780, stack(0x000000f977100000,0x000000f977200000)]
  0x00000279b1cfa800 JavaThread "Daemon health stats" [_thread_blocked, id=3640, stack(0x000000f977600000,0x000000f977700000)]
  0x00000279b1ab8000 JavaThread "Incoming local TCP Connector on port 51241" [_thread_in_native, id=20644, stack(0x000000f977700000,0x000000f977800000)]
  0x00000279b1e64800 JavaThread "Daemon periodic checks" [_thread_blocked, id=6136, stack(0x000000f977800000,0x000000f977900000)]
  0x00000279b2323800 JavaThread "Cache worker for journal cache (C:\Users\Niveon\.gradle\caches\journal-1)" [_thread_blocked, id=6688, stack(0x000000f978000000,0x000000f978100000)]
  0x00000279b2328800 JavaThread "File lock request listener" [_thread_in_native, id=10620, stack(0x000000f978100000,0x000000f978200000)]
  0x00000279b232a000 JavaThread "Cache worker for file hash cache (C:\Users\Niveon\.gradle\caches\7.2\fileHashes)" [_thread_blocked, id=15980, stack(0x000000f978800000,0x000000f978900000)]
  0x00000279b2325000 JavaThread "File watcher server" daemon [_thread_blocked, id=14060, stack(0x000000f978a00000,0x000000f978b00000)]
  0x00000279b2326000 JavaThread "File watcher consumer" daemon [_thread_blocked, id=20968, stack(0x000000f978b00000,0x000000f978c00000)]
  0x00000279b2326800 JavaThread "jar transforms" [_thread_blocked, id=14728, stack(0x000000f978c00000,0x000000f978d00000)]
  0x00000279b2327800 JavaThread "jar transforms Thread 2" [_thread_blocked, id=15516, stack(0x000000f978d00000,0x000000f978e00000)]
  0x00000279b3975800 JavaThread "jar transforms Thread 3" [_thread_blocked, id=21188, stack(0x000000f978e00000,0x000000f978f00000)]
  0x00000279b3974000 JavaThread "jar transforms Thread 4" [_thread_blocked, id=7524, stack(0x000000f978f00000,0x000000f979000000)]
  0x00000279b3979800 JavaThread "jar transforms Thread 5" [_thread_blocked, id=20392, stack(0x000000f979000000,0x000000f979100000)]
  0x00000279b3976000 JavaThread "jar transforms Thread 6" [_thread_blocked, id=17652, stack(0x000000f979100000,0x000000f979200000)]
  0x00000279b3974800 JavaThread "jar transforms Thread 7" [_thread_blocked, id=21748, stack(0x000000f979200000,0x000000f979300000)]
  0x00000279b397c000 JavaThread "jar transforms Thread 8" [_thread_blocked, id=19572, stack(0x000000f979300000,0x000000f979400000)]
  0x00000279b397b000 JavaThread "Cache worker for execution history cache (C:\Users\Niveon\.gradle\caches\7.2\executionHistory)" [_thread_blocked, id=22148, stack(0x000000f979700000,0x000000f979800000)]
  0x00000279b397d800 JavaThread "Cache worker for file content cache (C:\Users\Niveon\.gradle\caches\7.2\fileContent)" [_thread_blocked, id=22272, stack(0x000000f979800000,0x000000f979900000)]
  0x00000279b3784000 JavaThread "Memory manager" [_thread_blocked, id=1052, stack(0x000000f97ec00000,0x000000f97ed00000)]
  0x00000279b3786000 JavaThread "pool-3-thread-1" [_thread_blocked, id=13788, stack(0x000000f97ed00000,0x000000f97ee00000)]
  0x00000279b3781000 JavaThread "Daemon Thread 2" [_thread_blocked, id=19868, stack(0x000000f975f00000,0x000000f976000000)]
  0x00000279b3785000 JavaThread "Handler for socket connection from /127.0.0.1:51241 to /127.0.0.1:51403" [_thread_in_native, id=10616, stack(0x000000f976000000,0x000000f976100000)]
  0x00000279b3782000 JavaThread "Cancel handler" [_thread_blocked, id=12868, stack(0x000000f976100000,0x000000f976200000)]
  0x00000279b3782800 JavaThread "Daemon worker Thread 2" [_thread_blocked, id=20704, stack(0x000000f977900000,0x000000f977a00000)]
  0x00000279b3783800 JavaThread "Asynchronous log dispatcher for DefaultDaemonConnection: socket connection from /127.0.0.1:51241 to /127.0.0.1:51403" [_thread_blocked, id=14264, stack(0x000000f977a00000,0x000000f977b00000)]
  0x00000279b3780000 JavaThread "Stdin handler" [_thread_blocked, id=16100, stack(0x000000f977b00000,0x000000f977c00000)]
  0x00000279b3788800 JavaThread "Daemon client event forwarder" [_thread_blocked, id=16712, stack(0x000000f977c00000,0x000000f977d00000)]
  0x00000279b3789000 JavaThread "Cache worker for file hash cache (D:\Kuliah\EVoting\.gradle\7.2\fileHashes)" [_thread_blocked, id=17916, stack(0x000000f977d00000,0x000000f977e00000)]
  0x00000279b378b000 JavaThread "Cache worker for checksums cache (D:\Kuliah\EVoting\.gradle\checksums)" [_thread_blocked, id=9704, stack(0x000000f977e00000,0x000000f977f00000)]
  0x00000279b378a000 JavaThread "Cache worker for cache directory md-supplier (C:\Users\Niveon\.gradle\caches\7.2\md-supplier)" [_thread_blocked, id=21676, stack(0x000000f977f00000,0x000000f978000000)]
  0x00000279b378b800 JavaThread "Cache worker for cache directory md-rule (C:\Users\Niveon\.gradle\caches\7.2\md-rule)" [_thread_blocked, id=20960, stack(0x000000f978900000,0x000000f978a00000)]
  0x00000279b378c800 JavaThread "Cache worker for dependencies-accessors (D:\Kuliah\EVoting\.gradle\7.2\dependencies-accessors)" [_thread_blocked, id=14724, stack(0x000000f979400000,0x000000f979500000)]
  0x00000279b3786800 JavaThread "Cache worker for Build Output Cleanup Cache (D:\Kuliah\EVoting\.gradle\buildOutputCleanup)" [_thread_blocked, id=7396, stack(0x000000f979500000,0x000000f979600000)]
  0x00000279b378d000 JavaThread "Unconstrained build operations" [_thread_blocked, id=11820, stack(0x000000f979600000,0x000000f979700000)]
  0x00000279b3787800 JavaThread "Unconstrained build operations Thread 2" [_thread_blocked, id=19856, stack(0x000000f979900000,0x000000f979a00000)]
  0x00000279b378f000 JavaThread "Unconstrained build operations Thread 3" [_thread_blocked, id=17280, stack(0x000000f979a00000,0x000000f979b00000)]
  0x00000279b378e000 JavaThread "Unconstrained build operations Thread 4" [_thread_blocked, id=8808, stack(0x000000f979c00000,0x000000f979d00000)]
  0x00000279b3978000 JavaThread "Unconstrained build operations Thread 5" [_thread_blocked, id=19980, stack(0x000000f979d00000,0x000000f979e00000)]
  0x00000279b397a800 JavaThread "Unconstrained build operations Thread 6" [_thread_blocked, id=20576, stack(0x000000f979e00000,0x000000f979f00000)]
  0x00000279b397c800 JavaThread "Unconstrained build operations Thread 7" [_thread_blocked, id=21696, stack(0x000000f979f00000,0x000000f97a000000)]
  0x00000279b3978800 JavaThread "Unconstrained build operations Thread 8" [_thread_blocked, id=21896, stack(0x000000f97a000000,0x000000f97a100000)]
  0x00000279b397f000 JavaThread "Unconstrained build operations Thread 9" [_thread_blocked, id=21600, stack(0x000000f97a100000,0x000000f97a200000)]
  0x00000279b3980000 JavaThread "Unconstrained build operations Thread 10" [_thread_blocked, id=22180, stack(0x000000f97a200000,0x000000f97a300000)]
  0x00000279b3981000 JavaThread "Unconstrained build operations Thread 11" [_thread_blocked, id=22144, stack(0x000000f97a300000,0x000000f97a400000)]
  0x00000279b3981800 JavaThread "Unconstrained build operations Thread 12" [_thread_blocked, id=19592, stack(0x000000f97a400000,0x000000f97a500000)]
  0x00000279b3982800 JavaThread "Unconstrained build operations Thread 13" [_thread_blocked, id=13496, stack(0x000000f97a500000,0x000000f97a600000)]
  0x00000279b2324800 JavaThread "Unconstrained build operations Thread 14" [_thread_blocked, id=21568, stack(0x000000f97a600000,0x000000f97a700000)]
  0x00000279b2329000 JavaThread "Unconstrained build operations Thread 15" [_thread_blocked, id=18892, stack(0x000000f97a700000,0x000000f97a800000)]
  0x00000279b673e800 JavaThread "Unconstrained build operations Thread 16" [_thread_blocked, id=19472, stack(0x000000f97a800000,0x000000f97a900000)]
  0x00000279b6740800 JavaThread "Unconstrained build operations Thread 17" [_thread_blocked, id=19880, stack(0x000000f97a900000,0x000000f97aa00000)]
  0x00000279b6741000 JavaThread "Unconstrained build operations Thread 18" [_thread_blocked, id=21364, stack(0x000000f97aa00000,0x000000f97ab00000)]
  0x00000279b6743000 JavaThread "Unconstrained build operations Thread 19" [_thread_blocked, id=11124, stack(0x000000f97ab00000,0x000000f97ac00000)]
  0x00000279b673d000 JavaThread "Unconstrained build operations Thread 20" [_thread_blocked, id=21608, stack(0x000000f97ac00000,0x000000f97ad00000)]
  0x00000279b6743800 JavaThread "Unconstrained build operations Thread 21" [_thread_blocked, id=22176, stack(0x000000f97ad00000,0x000000f97ae00000)]
  0x00000279b673f800 JavaThread "Unconstrained build operations Thread 22" [_thread_blocked, id=15172, stack(0x000000f97ae00000,0x000000f97af00000)]
  0x00000279b6742000 JavaThread "Unconstrained build operations Thread 23" [_thread_blocked, id=22100, stack(0x000000f97af00000,0x000000f97b000000)]
  0x00000279b673e000 JavaThread "Unconstrained build operations Thread 24" [_thread_blocked, id=19180, stack(0x000000f97b000000,0x000000f97b100000)]
  0x00000279b6746000 JavaThread "Unconstrained build operations Thread 25" [_thread_blocked, id=14400, stack(0x000000f97b100000,0x000000f97b200000)]
  0x00000279b6744800 JavaThread "Unconstrained build operations Thread 26" [_thread_blocked, id=14956, stack(0x000000f97b200000,0x000000f97b300000)]
  0x00000279b674b000 JavaThread "Unconstrained build operations Thread 27" [_thread_blocked, id=15340, stack(0x000000f97b300000,0x000000f97b400000)]
  0x00000279b674a000 JavaThread "Unconstrained build operations Thread 28" [_thread_blocked, id=21792, stack(0x000000f97b400000,0x000000f97b500000)]
  0x00000279b6747000 JavaThread "Unconstrained build operations Thread 29" [_thread_blocked, id=22408, stack(0x000000f97b500000,0x000000f97b600000)]
  0x00000279b6745800 JavaThread "Unconstrained build operations Thread 30" [_thread_blocked, id=15204, stack(0x000000f97b600000,0x000000f97b700000)]
  0x00000279b674c000 JavaThread "Unconstrained build operations Thread 31" [_thread_blocked, id=17984, stack(0x000000f97b700000,0x000000f97b800000)]
  0x00000279b6747800 JavaThread "Unconstrained build operations Thread 32" [_thread_blocked, id=22512, stack(0x000000f97b800000,0x000000f97b900000)]
  0x00000279b6748800 JavaThread "Unconstrained build operations Thread 33" [_thread_blocked, id=22084, stack(0x000000f97b900000,0x000000f97ba00000)]
  0x00000279b6749800 JavaThread "Unconstrained build operations Thread 34" [_thread_blocked, id=17204, stack(0x000000f97ba00000,0x000000f97bb00000)]
  0x00000279b6023800 JavaThread "Unconstrained build operations Thread 35" [_thread_blocked, id=15676, stack(0x000000f97bb00000,0x000000f97bc00000)]
  0x00000279b6026000 JavaThread "Unconstrained build operations Thread 36" [_thread_blocked, id=8924, stack(0x000000f97bc00000,0x000000f97bd00000)]
  0x00000279b6020800 JavaThread "Unconstrained build operations Thread 37" [_thread_blocked, id=18132, stack(0x000000f97bd00000,0x000000f97be00000)]
  0x00000279b6027000 JavaThread "Unconstrained build operations Thread 38" [_thread_blocked, id=22024, stack(0x000000f97be00000,0x000000f97bf00000)]
  0x00000279b6024800 JavaThread "Unconstrained build operations Thread 39" [_thread_blocked, id=16432, stack(0x000000f97bf00000,0x000000f97c000000)]
  0x00000279b6021000 JavaThread "Unconstrained build operations Thread 40" [_thread_blocked, id=21780, stack(0x000000f97c000000,0x000000f97c100000)]
  0x00000279b6025000 JavaThread "Unconstrained build operations Thread 41" [_thread_blocked, id=14360, stack(0x000000f97c100000,0x000000f97c200000)]
  0x00000279b6022800 JavaThread "Unconstrained build operations Thread 42" [_thread_blocked, id=5984, stack(0x000000f97c200000,0x000000f97c300000)]
  0x00000279b6022000 JavaThread "Unconstrained build operations Thread 43" [_thread_blocked, id=10312, stack(0x000000f97c300000,0x000000f97c400000)]
  0x00000279b602a000 JavaThread "Unconstrained build operations Thread 44" [_thread_blocked, id=16624, stack(0x000000f97c400000,0x000000f97c500000)]
  0x00000279b6028800 JavaThread "Unconstrained build operations Thread 45" [_thread_blocked, id=16112, stack(0x000000f97c500000,0x000000f97c600000)]
  0x00000279b6029000 JavaThread "Unconstrained build operations Thread 46" [_thread_blocked, id=21184, stack(0x000000f97c600000,0x000000f97c700000)]
  0x00000279b602b800 JavaThread "Unconstrained build operations Thread 47" [_thread_blocked, id=15396, stack(0x000000f97c700000,0x000000f97c800000)]
  0x00000279b602c800 JavaThread "Unconstrained build operations Thread 48" [_thread_blocked, id=9432, stack(0x000000f97c800000,0x000000f97c900000)]
  0x00000279b602d800 JavaThread "Unconstrained build operations Thread 49" [_thread_blocked, id=12812, stack(0x000000f97c900000,0x000000f97ca00000)]
  0x00000279b602b000 JavaThread "Unconstrained build operations Thread 50" [_thread_blocked, id=12156, stack(0x000000f97ca00000,0x000000f97cb00000)]
  0x00000279b6027800 JavaThread "Unconstrained build operations Thread 51" [_thread_blocked, id=19972, stack(0x000000f97cb00000,0x000000f97cc00000)]
  0x00000279b602e000 JavaThread "Unconstrained build operations Thread 52" [_thread_blocked, id=1120, stack(0x000000f97cc00000,0x000000f97cd00000)]
  0x00000279b602f000 JavaThread "Unconstrained build operations Thread 53" [_thread_blocked, id=22172, stack(0x000000f97cd00000,0x000000f97ce00000)]
  0x00000279b174b800 JavaThread "Unconstrained build operations Thread 54" [_thread_blocked, id=13760, stack(0x000000f97ce00000,0x000000f97cf00000)]
  0x00000279b1748000 JavaThread "Unconstrained build operations Thread 55" [_thread_blocked, id=17572, stack(0x000000f97cf00000,0x000000f97d000000)]
  0x00000279b174a000 JavaThread "Unconstrained build operations Thread 56" [_thread_blocked, id=11176, stack(0x000000f97d000000,0x000000f97d100000)]
  0x00000279b1749000 JavaThread "Unconstrained build operations Thread 57" [_thread_blocked, id=13528, stack(0x000000f97d100000,0x000000f97d200000)]
  0x00000279b174a800 JavaThread "Unconstrained build operations Thread 58" [_thread_blocked, id=21032, stack(0x000000f97d200000,0x000000f97d300000)]
  0x00000279b1745800 JavaThread "Unconstrained build operations Thread 59" [_thread_blocked, id=14476, stack(0x000000f97d300000,0x000000f97d400000)]
  0x00000279b174c800 JavaThread "Unconstrained build operations Thread 60" [_thread_blocked, id=19060, stack(0x000000f97d400000,0x000000f97d500000)]
  0x00000279b1746800 JavaThread "Unconstrained build operations Thread 61" [_thread_blocked, id=13080, stack(0x000000f97d500000,0x000000f97d600000)]
  0x00000279b174d000 JavaThread "Unconstrained build operations Thread 62" [_thread_blocked, id=19416, stack(0x000000f97d600000,0x000000f97d700000)]
  0x00000279b1747800 JavaThread "Unconstrained build operations Thread 63" [_thread_blocked, id=4664, stack(0x000000f97d700000,0x000000f97d800000)]
  0x00000279b1750800 JavaThread "Unconstrained build operations Thread 64" [_thread_blocked, id=21668, stack(0x000000f97d800000,0x000000f97d900000)]
  0x00000279b1752000 JavaThread "Unconstrained build operations Thread 65" [_thread_blocked, id=8904, stack(0x000000f97d900000,0x000000f97da00000)]
  0x00000279b174e000 JavaThread "Unconstrained build operations Thread 66" [_thread_blocked, id=13940, stack(0x000000f97da00000,0x000000f97db00000)]
  0x00000279b174f800 JavaThread "Unconstrained build operations Thread 67" [_thread_blocked, id=11116, stack(0x000000f97db00000,0x000000f97dc00000)]
  0x00000279b1753800 JavaThread "Unconstrained build operations Thread 68" [_thread_blocked, id=20548, stack(0x000000f97dc00000,0x000000f97dd00000)]
  0x00000279b1754800 JavaThread "Unconstrained build operations Thread 69" [_thread_blocked, id=9108, stack(0x000000f97dd00000,0x000000f97de00000)]
  0x00000279b1751000 JavaThread "Unconstrained build operations Thread 70" [_thread_blocked, id=21724, stack(0x000000f97de00000,0x000000f97df00000)]
  0x00000279b1753000 JavaThread "Unconstrained build operations Thread 71" [_thread_blocked, id=21540, stack(0x000000f97df00000,0x000000f97e000000)]
  0x00000279b174e800 JavaThread "Unconstrained build operations Thread 72" [_thread_blocked, id=21560, stack(0x000000f97e000000,0x000000f97e100000)]
  0x00000279b3cb4000 JavaThread "Unconstrained build operations Thread 73" [_thread_blocked, id=22340, stack(0x000000f97e100000,0x000000f97e200000)]
  0x00000279b3cb3000 JavaThread "Unconstrained build operations Thread 74" [_thread_blocked, id=19136, stack(0x000000f97e200000,0x000000f97e300000)]
  0x00000279b3cb1800 JavaThread "Unconstrained build operations Thread 75" [_thread_blocked, id=22384, stack(0x000000f97e300000,0x000000f97e400000)]
  0x00000279b3caf000 JavaThread "Unconstrained build operations Thread 76" [_thread_blocked, id=14668, stack(0x000000f97e400000,0x000000f97e500000)]
  0x00000279b3cb0800 JavaThread "Unconstrained build operations Thread 77" [_thread_blocked, id=22424, stack(0x000000f97e500000,0x000000f97e600000)]
  0x00000279b3cb2800 JavaThread "Unconstrained build operations Thread 78" [_thread_blocked, id=21536, stack(0x000000f97e600000,0x000000f97e700000)]
  0x00000279b3cae000 JavaThread "Unconstrained build operations Thread 79" [_thread_blocked, id=21900, stack(0x000000f97e700000,0x000000f97e800000)]
  0x00000279b3cb4800 JavaThread "Unconstrained build operations Thread 80" [_thread_blocked, id=22004, stack(0x000000f97e800000,0x000000f97e900000)]
  0x00000279b3cb5800 JavaThread "build event listener" [_thread_blocked, id=21716, stack(0x000000f97e900000,0x000000f97ea00000)]
  0x00000279b3cb0000 JavaThread "pool-6-thread-1" [_thread_blocked, id=21636, stack(0x000000f97ea00000,0x000000f97eb00000)]
  0x00000279b3cb6800 JavaThread "build event listener" [_thread_blocked, id=12760, stack(0x000000f97eb00000,0x000000f97ec00000)]
  0x00000279b3cb7000 JavaThread "Execution worker for ':'" [_thread_blocked, id=19620, stack(0x000000f97ee00000,0x000000f97ef00000)]
  0x00000279b3cbb800 JavaThread "Execution worker for ':' Thread 2" [_thread_blocked, id=20796, stack(0x000000f97ef00000,0x000000f97f000000)]
  0x00000279b3cb9000 JavaThread "Execution worker for ':' Thread 3" [_thread_blocked, id=22136, stack(0x000000f97f000000,0x000000f97f100000)]
  0x00000279b3cb9800 JavaThread "Execution worker for ':' Thread 4" [_thread_blocked, id=21624, stack(0x000000f97f100000,0x000000f97f200000)]
  0x00000279b3cbc000 JavaThread "Execution worker for ':' Thread 5" [_thread_blocked, id=18136, stack(0x000000f97f200000,0x000000f97f300000)]
  0x00000279b3cba800 JavaThread "Execution worker for ':' Thread 6" [_thread_blocked, id=2068, stack(0x000000f97f300000,0x000000f97f400000)]
  0x00000279b3cbd000 JavaThread "Execution worker for ':' Thread 7" [_thread_blocked, id=17020, stack(0x000000f97f400000,0x000000f97f500000)]
  0x00000279b3cb8000 JavaThread "Cache worker for execution history cache (D:\Kuliah\EVoting\.gradle\7.2\executionHistory)" [_thread_blocked, id=20640, stack(0x000000f97f500000,0x000000f97f600000)]
  0x00000279b1758000 JavaThread "WorkerExecutor Queue" [_thread_blocked, id=17904, stack(0x000000f97f600000,0x000000f97f700000)]
  0x00000279b1759000 JavaThread "WorkerExecutor Queue Thread 2" [_thread_blocked, id=3044, stack(0x000000f97f800000,0x000000f97f900000)]
  0x00000279b175a800 JavaThread "WorkerExecutor Queue Thread 3" [_thread_blocked, id=22288, stack(0x000000f97f900000,0x000000f97fa00000)]
  0x00000279b175b800 JavaThread "WorkerExecutor Queue Thread 4" [_thread_blocked, id=15996, stack(0x000000f97fa00000,0x000000f97fb00000)]
  0x00000279b175c800 JavaThread "WorkerExecutor Queue Thread 5" [_thread_in_native, id=1952, stack(0x000000f97fb00000,0x000000f97fc00000)]
  0x00000279b1757800 JavaThread "WorkerExecutor Queue Thread 6" [_thread_blocked, id=16416, stack(0x000000f97fc00000,0x000000f97fd00000)]
  0x00000279b1756800 JavaThread "WorkerExecutor Queue Thread 7" [_thread_in_native, id=19688, stack(0x000000f97fd00000,0x000000f97fe00000)]
  0x00000279b175a000 JavaThread "WorkerExecutor Queue Thread 8" [_thread_in_native, id=6756, stack(0x000000f97fe00000,0x000000f97ff00000)]
  0x00000279b1755800 JavaThread "Java2D Disposer" daemon [_thread_blocked, id=3932, stack(0x000000f900100000,0x000000f900200000)]
  0x00000279b944a000 JavaThread "C2 CompilerThread1" daemon [_thread_blocked, id=20788, stack(0x000000f900200000,0x000000f900300000)]

Other Threads:
=>0x00000279af9c7800 VMThread "VM Thread" [stack: 0x000000f976800000,0x000000f976900000] [id=22468]
  0x00000279b03d3800 WatcherThread [stack: 0x000000f977200000,0x000000f977300000] [id=22444]
  0x0000027995537000 GCTaskThread "GC Thread#0" [stack: 0x000000f976300000,0x000000f976400000] [id=280]
  0x00000279b0d95000 GCTaskThread "GC Thread#1" [stack: 0x000000f977300000,0x000000f977400000] [id=22464]
  0x00000279b0f34800 GCTaskThread "GC Thread#2" [stack: 0x000000f977400000,0x000000f977500000] [id=15424]
  0x00000279b1215000 GCTaskThread "GC Thread#3" [stack: 0x000000f977500000,0x000000f977600000] [id=19984]
  0x00000279b38c3800 GCTaskThread "GC Thread#4" [stack: 0x000000f978200000,0x000000f978300000] [id=3108]
  0x00000279b3f21800 GCTaskThread "GC Thread#5" [stack: 0x000000f978300000,0x000000f978400000] [id=5496]
  0x00000279b221f800 GCTaskThread "GC Thread#6" [stack: 0x000000f978400000,0x000000f978500000] [id=21020]
  0x00000279b14cc000 GCTaskThread "GC Thread#7" [stack: 0x000000f978500000,0x000000f978600000] [id=19024]
  0x000002799556b800 ConcurrentGCThread "G1 Main Marker" [stack: 0x000000f976400000,0x000000f976500000] [id=19664]
  0x000002799556c800 ConcurrentGCThread "G1 Conc#0" [stack: 0x000000f976500000,0x000000f976600000] [id=22208]
  0x00000279b393f800 ConcurrentGCThread "G1 Conc#1" [stack: 0x000000f978700000,0x000000f978800000] [id=20384]
  0x00000279af814800 ConcurrentGCThread "G1 Refine#0" [stack: 0x000000f976600000,0x000000f976700000] [id=22480]
  0x00000279b39d0000 ConcurrentGCThread "G1 Refine#1" [stack: 0x000000f978600000,0x000000f978700000] [id=11420]
  0x00000279af815000 ConcurrentGCThread "G1 Young RemSet Sampling" [stack: 0x000000f976700000,0x000000f976800000] [id=22476]

Threads with active compile tasks:
C2 CompilerThread0 165336 19406   !   4       java.io.ObjectInputStream::readSerialData (563 bytes)
C2 CompilerThread1 165336 20366       4       com.ctc.wstx.sr.BasicStreamReader::readTextPrimary (447 bytes)

VM state:at safepoint (normal execution)

VM Mutex/Monitor currently owned by a thread:  ([mutex/lock_event])
[0x000002799551aba0] Threads_lock - owner thread: 0x00000279af9c7800
[0x000002799551acc0] Heap_lock - owner thread: 0x00000279b175b800

Heap address: 0x0000000080000000, size: 2048 MB, Compressed Oops mode: 32-bit
Narrow klass base: 0x0000000000000000, Narrow klass shift: 3
Compressed class space size: 1073741824 Address: 0x0000000100000000

Heap:
 garbage-first heap   total 284672K, used 165711K [0x0000000080000000, 0x0000000100000000)
  region size 1024K, 1 young (1024K), 1 survivors (1024K)
 Metaspace       used 131397K, capacity 134932K, committed 135076K, reserved 1167360K
  class space    used 15938K, capacity 17203K, committed 17280K, reserved 1048576K
Heap Regions: E=young(eden), S=young(survivor), O=old, HS=humongous(starts), HC=humongous(continues), CS=collection set, F=free, A=archive, TAMS=top-at-mark-start (previous, next)
|   0|0x0000000080000000, 0x0000000080100000, 0x0000000080100000|100%| O|  |TAMS 0x0000000080100000, 0x0000000080000000| Untracked 
|   1|0x0000000080100000, 0x0000000080200000, 0x0000000080200000|100%| O|  |TAMS 0x0000000080200000, 0x0000000080100000| Untracked 
|   2|0x0000000080200000, 0x0000000080300000, 0x0000000080300000|100%| O|  |TAMS 0x0000000080300000, 0x0000000080200000| Untracked 
|   3|0x0000000080300000, 0x0000000080400000, 0x0000000080400000|100%|HS|  |TAMS 0x0000000080400000, 0x0000000080300000| Complete 
|   4|0x0000000080400000, 0x0000000080500000, 0x0000000080500000|100%|HC|  |TAMS 0x0000000080500000, 0x0000000080400000| Complete 
|   5|0x0000000080500000, 0x0000000080600000, 0x0000000080600000|100%|HC|  |TAMS 0x0000000080600000, 0x0000000080500000| Complete 
|   6|0x0000000080600000, 0x0000000080700000, 0x0000000080700000|100%| O|  |TAMS 0x0000000080700000, 0x0000000080600000| Untracked 
|   7|0x0000000080700000, 0x0000000080800000, 0x0000000080800000|100%| O|  |TAMS 0x0000000080800000, 0x0000000080700000| Untracked 
|   8|0x0000000080800000, 0x0000000080900000, 0x0000000080900000|100%| O|  |TAMS 0x0000000080900000, 0x0000000080800000| Untracked 
|   9|0x0000000080900000, 0x0000000080a00000, 0x0000000080a00000|100%| O|  |TAMS 0x0000000080a00000, 0x0000000080900000| Untracked 
|  10|0x0000000080a00000, 0x0000000080b00000, 0x0000000080b00000|100%| O|  |TAMS 0x0000000080b00000, 0x0000000080a00000| Untracked 
|  11|0x0000000080b00000, 0x0000000080c00000, 0x0000000080c00000|100%| O|  |TAMS 0x0000000080c00000, 0x0000000080b00000| Untracked 
|  12|0x0000000080c00000, 0x0000000080d00000, 0x0000000080d00000|100%| O|  |TAMS 0x0000000080d00000, 0x0000000080c00000| Untracked 
|  13|0x0000000080d00000, 0x0000000080e00000, 0x0000000080e00000|100%| O|  |TAMS 0x0000000080e00000, 0x0000000080d00000| Untracked 
|  14|0x0000000080e00000, 0x0000000080f00000, 0x0000000080f00000|100%| O|  |TAMS 0x0000000080f00000, 0x0000000080e00000| Untracked 
|  15|0x0000000080f00000, 0x0000000081000000, 0x0000000081000000|100%| O|  |TAMS 0x0000000081000000, 0x0000000080f00000| Untracked 
|  16|0x0000000081000000, 0x0000000081100000, 0x0000000081100000|100%| O|  |TAMS 0x0000000081100000, 0x0000000081000000| Untracked 
|  17|0x0000000081100000, 0x0000000081200000, 0x0000000081200000|100%|HS|  |TAMS 0x0000000081200000, 0x0000000081100000| Complete 
|  18|0x0000000081200000, 0x0000000081300000, 0x0000000081300000|100%|HC|  |TAMS 0x0000000081300000, 0x0000000081200000| Complete 
|  19|0x0000000081300000, 0x0000000081400000, 0x0000000081400000|100%|HS|  |TAMS 0x0000000081400000, 0x0000000081300000| Complete 
|  20|0x0000000081400000, 0x0000000081500000, 0x0000000081500000|100%|HC|  |TAMS 0x0000000081500000, 0x0000000081400000| Complete 
|  21|0x0000000081500000, 0x0000000081600000, 0x0000000081600000|100%|HC|  |TAMS 0x0000000081600000, 0x0000000081500000| Complete 
|  22|0x0000000081600000, 0x0000000081700000, 0x0000000081700000|100%|HS|  |TAMS 0x0000000081700000, 0x0000000081600000| Complete 
|  23|0x0000000081700000, 0x0000000081800000, 0x0000000081800000|100%|HC|  |TAMS 0x0000000081800000, 0x0000000081700000| Complete 
|  24|0x0000000081800000, 0x0000000081900000, 0x0000000081900000|100%|HC|  |TAMS 0x0000000081900000, 0x0000000081800000| Complete 
|  25|0x0000000081900000, 0x0000000081a00000, 0x0000000081a00000|100%|HC|  |TAMS 0x0000000081a00000, 0x0000000081900000| Complete 
|  26|0x0000000081a00000, 0x0000000081b00000, 0x0000000081b00000|100%|HS|  |TAMS 0x0000000081b00000, 0x0000000081a00000| Complete 
|  27|0x0000000081b00000, 0x0000000081c00000, 0x0000000081c00000|100%|HC|  |TAMS 0x0000000081c00000, 0x0000000081b00000| Complete 
|  28|0x0000000081c00000, 0x0000000081d00000, 0x0000000081d00000|100%|HC|  |TAMS 0x0000000081d00000, 0x0000000081c00000| Complete 
|  29|0x0000000081d00000, 0x0000000081e00000, 0x0000000081e00000|100%| O|  |TAMS 0x0000000081e00000, 0x0000000081d00000| Untracked 
|  30|0x0000000081e00000, 0x0000000081f00000, 0x0000000081f00000|100%| O|  |TAMS 0x0000000081f00000, 0x0000000081e00000| Untracked 
|  31|0x0000000081f00000, 0x0000000082000000, 0x0000000082000000|100%| O|  |TAMS 0x0000000082000000, 0x0000000081f00000| Untracked 
|  32|0x0000000082000000, 0x0000000082100000, 0x0000000082100000|100%| O|  |TAMS 0x0000000082100000, 0x0000000082000000| Untracked 
|  33|0x0000000082100000, 0x0000000082200000, 0x0000000082200000|100%| O|  |TAMS 0x0000000082200000, 0x0000000082100000| Untracked 
|  34|0x0000000082200000, 0x0000000082300000, 0x0000000082300000|100%| O|  |TAMS 0x0000000082300000, 0x0000000082200000| Untracked 
|  35|0x0000000082300000, 0x0000000082400000, 0x0000000082400000|100%| O|  |TAMS 0x0000000082400000, 0x0000000082300000| Untracked 
|  36|0x0000000082400000, 0x0000000082500000, 0x0000000082500000|100%| O|  |TAMS 0x0000000082500000, 0x0000000082400000| Untracked 
|  37|0x0000000082500000, 0x0000000082600000, 0x0000000082600000|100%|HS|  |TAMS 0x0000000082600000, 0x0000000082500000| Complete 
|  38|0x0000000082600000, 0x0000000082700000, 0x0000000082700000|100%|HC|  |TAMS 0x0000000082700000, 0x0000000082600000| Complete 
|  39|0x0000000082700000, 0x0000000082800000, 0x0000000082800000|100%|HC|  |TAMS 0x0000000082800000, 0x0000000082700000| Complete 
|  40|0x0000000082800000, 0x0000000082900000, 0x0000000082900000|100%|HC|  |TAMS 0x0000000082900000, 0x0000000082800000| Complete 
|  41|0x0000000082900000, 0x0000000082a00000, 0x0000000082a00000|100%| O|  |TAMS 0x0000000082a00000, 0x0000000082900000| Untracked 
|  42|0x0000000082a00000, 0x0000000082b00000, 0x0000000082b00000|100%| O|  |TAMS 0x0000000082b00000, 0x0000000082a00000| Untracked 
|  43|0x0000000082b00000, 0x0000000082c00000, 0x0000000082c00000|100%| O|  |TAMS 0x0000000082c00000, 0x0000000082b00000| Untracked 
|  44|0x0000000082c00000, 0x0000000082d00000, 0x0000000082d00000|100%| O|  |TAMS 0x0000000082d00000, 0x0000000082c00000| Untracked 
|  45|0x0000000082d00000, 0x0000000082e00000, 0x0000000082e00000|100%| O|  |TAMS 0x0000000082e00000, 0x0000000082d00000| Untracked 
|  46|0x0000000082e00000, 0x0000000082f00000, 0x0000000082f00000|100%| O|  |TAMS 0x0000000082f00000, 0x0000000082e00000| Untracked 
|  47|0x0000000082f00000, 0x0000000083000000, 0x0000000083000000|100%| O|  |TAMS 0x0000000083000000, 0x0000000082f00000| Untracked 
|  48|0x0000000083000000, 0x0000000083100000, 0x0000000083100000|100%| O|  |TAMS 0x0000000083100000, 0x0000000083000000| Untracked 
|  49|0x0000000083100000, 0x0000000083200000, 0x0000000083200000|100%| O|  |TAMS 0x0000000083200000, 0x0000000083100000| Untracked 
|  50|0x0000000083200000, 0x0000000083300000, 0x0000000083300000|100%| O|  |TAMS 0x0000000083300000, 0x0000000083200000| Untracked 
|  51|0x0000000083300000, 0x0000000083400000, 0x0000000083400000|100%|HS|  |TAMS 0x0000000083400000, 0x0000000083300000| Complete 
|  52|0x0000000083400000, 0x0000000083500000, 0x0000000083500000|100%| O|  |TAMS 0x0000000083500000, 0x0000000083400000| Untracked 
|  53|0x0000000083500000, 0x0000000083600000, 0x0000000083600000|100%| O|  |TAMS 0x0000000083600000, 0x0000000083500000| Untracked 
|  54|0x0000000083600000, 0x0000000083700000, 0x0000000083700000|100%| O|  |TAMS 0x0000000083700000, 0x0000000083600000| Untracked 
|  55|0x0000000083700000, 0x0000000083800000, 0x0000000083800000|100%| O|  |TAMS 0x0000000083800000, 0x0000000083700000| Untracked 
|  56|0x0000000083800000, 0x0000000083900000, 0x0000000083900000|100%| O|  |TAMS 0x0000000083900000, 0x0000000083800000| Untracked 
|  57|0x0000000083900000, 0x0000000083a00000, 0x0000000083a00000|100%|HS|  |TAMS 0x0000000083a00000, 0x0000000083900000| Complete 
|  58|0x0000000083a00000, 0x0000000083b00000, 0x0000000083b00000|100%| O|  |TAMS 0x0000000083b00000, 0x0000000083a00000| Untracked 
|  59|0x0000000083b00000, 0x0000000083c00000, 0x0000000083c00000|100%| O|  |TAMS 0x0000000083c00000, 0x0000000083b00000| Untracked 
|  60|0x0000000083c00000, 0x0000000083d00000, 0x0000000083d00000|100%| O|  |TAMS 0x0000000083d00000, 0x0000000083c00000| Untracked 
|  61|0x0000000083d00000, 0x0000000083e00000, 0x0000000083e00000|100%| O|  |TAMS 0x0000000083e00000, 0x0000000083d00000| Untracked 
|  62|0x0000000083e00000, 0x0000000083f00000, 0x0000000083f00000|100%| O|  |TAMS 0x0000000083f00000, 0x0000000083e00000| Untracked 
|  63|0x0000000083f00000, 0x0000000084000000, 0x0000000084000000|100%| O|  |TAMS 0x0000000084000000, 0x0000000083f00000| Untracked 
|  64|0x0000000084000000, 0x0000000084100000, 0x0000000084100000|100%| O|  |TAMS 0x0000000084100000, 0x0000000084000000| Untracked 
|  65|0x0000000084100000, 0x0000000084200000, 0x0000000084200000|100%|HS|  |TAMS 0x0000000084200000, 0x0000000084100000| Complete 
|  66|0x0000000084200000, 0x0000000084300000, 0x0000000084300000|100%|HS|  |TAMS 0x0000000084300000, 0x0000000084200000| Complete 
|  67|0x0000000084300000, 0x0000000084400000, 0x0000000084400000|100%|HC|  |TAMS 0x0000000084400000, 0x0000000084300000| Complete 
|  68|0x0000000084400000, 0x0000000084500000, 0x0000000084500000|100%| O|  |TAMS 0x0000000084500000, 0x0000000084400000| Untracked 
|  69|0x0000000084500000, 0x0000000084600000, 0x0000000084600000|100%| O|  |TAMS 0x0000000084600000, 0x0000000084500000| Untracked 
|  70|0x0000000084600000, 0x0000000084700000, 0x0000000084700000|100%| O|  |TAMS 0x0000000084700000, 0x0000000084600000| Untracked 
|  71|0x0000000084700000, 0x0000000084800000, 0x0000000084800000|100%| O|  |TAMS 0x0000000084800000, 0x0000000084700000| Untracked 
|  72|0x0000000084800000, 0x0000000084900000, 0x0000000084900000|100%| O|  |TAMS 0x0000000084900000, 0x0000000084800000| Untracked 
|  73|0x0000000084900000, 0x0000000084a00000, 0x0000000084a00000|100%| O|  |TAMS 0x0000000084a00000, 0x0000000084900000| Untracked 
|  74|0x0000000084a00000, 0x0000000084b00000, 0x0000000084b00000|100%| O|  |TAMS 0x0000000084b00000, 0x0000000084a00000| Untracked 
|  75|0x0000000084b00000, 0x0000000084c00000, 0x0000000084c00000|100%| O|  |TAMS 0x0000000084c00000, 0x0000000084b00000| Untracked 
|  76|0x0000000084c00000, 0x0000000084d00000, 0x0000000084d00000|100%| O|  |TAMS 0x0000000084d00000, 0x0000000084c00000| Untracked 
|  77|0x0000000084d00000, 0x0000000084e00000, 0x0000000084e00000|100%| O|  |TAMS 0x0000000084e00000, 0x0000000084d00000| Untracked 
|  78|0x0000000084e00000, 0x0000000084f00000, 0x0000000084f00000|100%| O|  |TAMS 0x0000000084f00000, 0x0000000084e00000| Untracked 
|  79|0x0000000084f00000, 0x0000000085000000, 0x0000000085000000|100%| O|  |TAMS 0x0000000085000000, 0x0000000084f00000| Untracked 
|  80|0x0000000085000000, 0x0000000085100000, 0x0000000085100000|100%| O|  |TAMS 0x0000000085100000, 0x0000000085000000| Untracked 
|  81|0x0000000085100000, 0x0000000085200000, 0x0000000085200000|100%| O|  |TAMS 0x0000000085200000, 0x0000000085100000| Untracked 
|  82|0x0000000085200000, 0x0000000085300000, 0x0000000085300000|100%|HS|  |TAMS 0x0000000085300000, 0x0000000085200000| Complete 
|  83|0x0000000085300000, 0x0000000085400000, 0x0000000085400000|100%|HC|  |TAMS 0x0000000085400000, 0x0000000085300000| Complete 
|  84|0x0000000085400000, 0x0000000085500000, 0x0000000085500000|100%|HS|  |TAMS 0x0000000085500000, 0x0000000085400000| Complete 
|  85|0x0000000085500000, 0x0000000085600000, 0x0000000085600000|100%|HC|  |TAMS 0x0000000085600000, 0x0000000085500000| Complete 
|  86|0x0000000085600000, 0x0000000085700000, 0x0000000085700000|100%|HC|  |TAMS 0x0000000085700000, 0x0000000085600000| Complete 
|  87|0x0000000085700000, 0x0000000085800000, 0x0000000085800000|100%|HS|  |TAMS 0x0000000085800000, 0x0000000085700000| Complete 
|  88|0x0000000085800000, 0x0000000085900000, 0x0000000085900000|100%|HC|  |TAMS 0x0000000085900000, 0x0000000085800000| Complete 
|  89|0x0000000085900000, 0x0000000085a00000, 0x0000000085a00000|100%|HC|  |TAMS 0x0000000085a00000, 0x0000000085900000| Complete 
|  90|0x0000000085a00000, 0x0000000085b00000, 0x0000000085b00000|100%|HC|  |TAMS 0x0000000085b00000, 0x0000000085a00000| Complete 
|  91|0x0000000085b00000, 0x0000000085c00000, 0x0000000085c00000|100%| O|  |TAMS 0x0000000085c00000, 0x0000000085b00000| Untracked 
|  92|0x0000000085c00000, 0x0000000085d00000, 0x0000000085d00000|100%| O|  |TAMS 0x0000000085d00000, 0x0000000085c00000| Untracked 
|  93|0x0000000085d00000, 0x0000000085e00000, 0x0000000085e00000|100%| O|  |TAMS 0x0000000085e00000, 0x0000000085d00000| Untracked 
|  94|0x0000000085e00000, 0x0000000085f00000, 0x0000000085f00000|100%| O|  |TAMS 0x0000000085f00000, 0x0000000085e00000| Untracked 
|  95|0x0000000085f00000, 0x0000000086000000, 0x0000000086000000|100%| O|  |TAMS 0x0000000086000000, 0x0000000085f00000| Untracked 
|  96|0x0000000086000000, 0x0000000086100000, 0x0000000086100000|100%| O|  |TAMS 0x0000000086100000, 0x0000000086000000| Untracked 
|  97|0x0000000086100000, 0x0000000086200000, 0x0000000086200000|100%| O|  |TAMS 0x0000000086200000, 0x0000000086100000| Untracked 
|  98|0x0000000086200000, 0x0000000086300000, 0x0000000086300000|100%| O|  |TAMS 0x0000000086300000, 0x0000000086200000| Untracked 
|  99|0x0000000086300000, 0x0000000086400000, 0x0000000086400000|100%| O|  |TAMS 0x0000000086400000, 0x0000000086300000| Untracked 
| 100|0x0000000086400000, 0x0000000086500000, 0x0000000086500000|100%| O|  |TAMS 0x0000000086500000, 0x0000000086400000| Untracked 
| 101|0x0000000086500000, 0x0000000086600000, 0x0000000086600000|100%| O|  |TAMS 0x0000000086600000, 0x0000000086500000| Untracked 
| 102|0x0000000086600000, 0x0000000086700000, 0x0000000086700000|100%| O|  |TAMS 0x0000000086700000, 0x0000000086600000| Untracked 
| 103|0x0000000086700000, 0x0000000086800000, 0x0000000086800000|100%| O|  |TAMS 0x0000000086800000, 0x0000000086700000| Untracked 
| 104|0x0000000086800000, 0x0000000086900000, 0x0000000086900000|100%| O|  |TAMS 0x0000000086900000, 0x0000000086800000| Untracked 
| 105|0x0000000086900000, 0x0000000086a00000, 0x0000000086a00000|100%| O|  |TAMS 0x0000000086a00000, 0x0000000086900000| Untracked 
| 106|0x0000000086a00000, 0x0000000086b00000, 0x0000000086b00000|100%| O|  |TAMS 0x0000000086b00000, 0x0000000086a00000| Untracked 
| 107|0x0000000086b00000, 0x0000000086c00000, 0x0000000086c00000|100%| O|  |TAMS 0x0000000086c00000, 0x0000000086b00000| Untracked 
| 108|0x0000000086c00000, 0x0000000086d00000, 0x0000000086d00000|100%| O|  |TAMS 0x0000000086d00000, 0x0000000086c00000| Untracked 
| 109|0x0000000086d00000, 0x0000000086e00000, 0x0000000086e00000|100%| O|  |TAMS 0x0000000086e00000, 0x0000000086d00000| Untracked 
| 110|0x0000000086e00000, 0x0000000086f00000, 0x0000000086f00000|100%| O|  |TAMS 0x0000000086f00000, 0x0000000086e00000| Untracked 
| 111|0x0000000086f00000, 0x0000000087000000, 0x0000000087000000|100%| O|  |TAMS 0x0000000087000000, 0x0000000086f00000| Untracked 
| 112|0x0000000087000000, 0x0000000087100000, 0x0000000087100000|100%| O|  |TAMS 0x0000000087100000, 0x0000000087000000| Untracked 
| 113|0x0000000087100000, 0x0000000087200000, 0x0000000087200000|100%| O|  |TAMS 0x0000000087200000, 0x0000000087100000| Untracked 
| 114|0x0000000087200000, 0x0000000087300000, 0x0000000087300000|100%| O|  |TAMS 0x0000000087300000, 0x0000000087200000| Untracked 
| 115|0x0000000087300000, 0x0000000087400000, 0x0000000087400000|100%| O|  |TAMS 0x0000000087400000, 0x0000000087300000| Untracked 
| 116|0x0000000087400000, 0x0000000087500000, 0x0000000087500000|100%| O|  |TAMS 0x0000000087500000, 0x0000000087400000| Untracked 
| 117|0x0000000087500000, 0x0000000087600000, 0x0000000087600000|100%| O|  |TAMS 0x0000000087600000, 0x0000000087500000| Untracked 
| 118|0x0000000087600000, 0x0000000087700000, 0x0000000087700000|100%| O|  |TAMS 0x0000000087700000, 0x0000000087600000| Untracked 
| 119|0x0000000087700000, 0x0000000087800000, 0x0000000087800000|100%| O|  |TAMS 0x0000000087800000, 0x0000000087700000| Untracked 
| 120|0x0000000087800000, 0x0000000087900000, 0x0000000087900000|100%| O|  |TAMS 0x0000000087900000, 0x0000000087800000| Untracked 
| 121|0x0000000087900000, 0x0000000087a00000, 0x0000000087a00000|100%| O|  |TAMS 0x0000000087a00000, 0x0000000087900000| Untracked 
| 122|0x0000000087a00000, 0x0000000087b00000, 0x0000000087b00000|100%| O|  |TAMS 0x0000000087b00000, 0x0000000087a00000| Untracked 
| 123|0x0000000087b00000, 0x0000000087c00000, 0x0000000087c00000|100%| O|  |TAMS 0x0000000087c00000, 0x0000000087b00000| Untracked 
| 124|0x0000000087c00000, 0x0000000087d00000, 0x0000000087d00000|100%| O|  |TAMS 0x0000000087d00000, 0x0000000087c00000| Untracked 
| 125|0x0000000087d00000, 0x0000000087e00000, 0x0000000087e00000|100%| O|  |TAMS 0x0000000087e00000, 0x0000000087d00000| Untracked 
| 126|0x0000000087e00000, 0x0000000087f00000, 0x0000000087f00000|100%| O|  |TAMS 0x0000000087f00000, 0x0000000087e00000| Untracked 
| 127|0x0000000087f00000, 0x0000000088000000, 0x0000000088000000|100%| O|  |TAMS 0x0000000088000000, 0x0000000087f00000| Untracked 
| 128|0x0000000088000000, 0x0000000088100000, 0x0000000088100000|100%| O|  |TAMS 0x0000000088100000, 0x0000000088000000| Untracked 
| 129|0x0000000088100000, 0x0000000088200000, 0x0000000088200000|100%| O|  |TAMS 0x0000000088200000, 0x0000000088100000| Untracked 
| 130|0x0000000088200000, 0x0000000088300000, 0x0000000088300000|100%| O|  |TAMS 0x0000000088300000, 0x0000000088200000| Untracked 
| 131|0x0000000088300000, 0x0000000088400000, 0x0000000088400000|100%| O|  |TAMS 0x0000000088400000, 0x0000000088300000| Untracked 
| 132|0x0000000088400000, 0x0000000088500000, 0x0000000088500000|100%| O|  |TAMS 0x0000000088500000, 0x0000000088400000| Untracked 
| 133|0x0000000088500000, 0x0000000088600000, 0x0000000088600000|100%| O|  |TAMS 0x0000000088600000, 0x0000000088500000| Untracked 
| 134|0x0000000088600000, 0x0000000088700000, 0x0000000088700000|100%| O|  |TAMS 0x0000000088700000, 0x0000000088600000| Untracked 
| 135|0x0000000088700000, 0x0000000088800000, 0x0000000088800000|100%|HS|  |TAMS 0x0000000088800000, 0x0000000088700000| Complete 
| 136|0x0000000088800000, 0x0000000088900000, 0x0000000088900000|100%| O|  |TAMS 0x0000000088900000, 0x0000000088800000| Untracked 
| 137|0x0000000088900000, 0x0000000088a00000, 0x0000000088a00000|100%| O|  |TAMS 0x0000000088a00000, 0x0000000088900000| Untracked 
| 138|0x0000000088a00000, 0x0000000088b00000, 0x0000000088b00000|100%| O|  |TAMS 0x0000000088b00000, 0x0000000088a00000| Untracked 
| 139|0x0000000088b00000, 0x0000000088c00000, 0x0000000088c00000|100%| O|  |TAMS 0x0000000088c00000, 0x0000000088b00000| Untracked 
| 140|0x0000000088c00000, 0x0000000088d00000, 0x0000000088d00000|100%| O|  |TAMS 0x0000000088d00000, 0x0000000088c00000| Untracked 
| 141|0x0000000088d00000, 0x0000000088e00000, 0x0000000088e00000|100%| O|  |TAMS 0x0000000088e00000, 0x0000000088d00000| Untracked 
| 142|0x0000000088e00000, 0x0000000088f00000, 0x0000000088f00000|100%| O|  |TAMS 0x0000000088f00000, 0x0000000088e00000| Untracked 
| 143|0x0000000088f00000, 0x0000000089000000, 0x0000000089000000|100%| O|  |TAMS 0x0000000089000000, 0x0000000088f00000| Untracked 
| 144|0x0000000089000000, 0x0000000089100000, 0x0000000089100000|100%| O|  |TAMS 0x0000000089100000, 0x0000000089000000| Untracked 
| 145|0x0000000089100000, 0x0000000089200000, 0x0000000089200000|100%| O|  |TAMS 0x0000000089200000, 0x0000000089100000| Untracked 
| 146|0x0000000089200000, 0x0000000089300000, 0x0000000089300000|100%| O|  |TAMS 0x0000000089300000, 0x0000000089200000| Untracked 
| 147|0x0000000089300000, 0x0000000089400000, 0x0000000089400000|100%| O|  |TAMS 0x00000000893a3e00, 0x0000000089300000| Untracked 
| 148|0x0000000089400000, 0x0000000089500000, 0x0000000089500000|100%| O|  |TAMS 0x0000000089400000, 0x0000000089400000| Untracked 
| 149|0x0000000089500000, 0x0000000089600000, 0x0000000089600000|100%| O|  |TAMS 0x0000000089600000, 0x0000000089500000| Untracked 
| 150|0x0000000089600000, 0x0000000089700000, 0x0000000089700000|100%| O|  |TAMS 0x0000000089700000, 0x0000000089600000| Untracked 
| 151|0x0000000089700000, 0x0000000089800000, 0x0000000089800000|100%| O|  |TAMS 0x0000000089800000, 0x0000000089700000| Untracked 
| 152|0x0000000089800000, 0x0000000089900000, 0x0000000089900000|100%| O|  |TAMS 0x0000000089800000, 0x0000000089800000| Untracked 
| 153|0x0000000089900000, 0x0000000089a00000, 0x0000000089a00000|100%| O|  |TAMS 0x0000000089900000, 0x0000000089900000| Untracked 
| 154|0x0000000089a00000, 0x0000000089b00000, 0x0000000089b00000|100%| O|  |TAMS 0x0000000089a00000, 0x0000000089a00000| Untracked 
| 155|0x0000000089b00000, 0x0000000089c00000, 0x0000000089c00000|100%| O|  |TAMS 0x0000000089c00000, 0x0000000089b00000| Untracked 
| 156|0x0000000089c00000, 0x0000000089d00000, 0x0000000089d00000|100%| O|  |TAMS 0x0000000089d00000, 0x0000000089c00000| Untracked 
| 157|0x0000000089d00000, 0x0000000089e00000, 0x0000000089e00000|100%| O|  |TAMS 0x0000000089e00000, 0x0000000089d00000| Untracked 
| 158|0x0000000089e00000, 0x0000000089f00000, 0x0000000089f00000|100%| O|  |TAMS 0x0000000089e00000, 0x0000000089e00000| Untracked 
| 159|0x0000000089f00000, 0x000000008a000000, 0x000000008a000000|100%| O|  |TAMS 0x0000000089f00000, 0x0000000089f00000| Untracked 
| 160|0x000000008a000000, 0x000000008a0f9a00, 0x000000008a100000| 97%| O|  |TAMS 0x000000008a000000, 0x000000008a000000| Untracked 
| 161|0x000000008a100000, 0x000000008a100000, 0x000000008a200000|  0%| F|  |TAMS 0x000000008a100000, 0x000000008a100000| Untracked 
| 162|0x000000008a200000, 0x000000008a200000, 0x000000008a300000|  0%| F|  |TAMS 0x000000008a200000, 0x000000008a200000| Untracked 
| 163|0x000000008a300000, 0x000000008a300000, 0x000000008a400000|  0%| F|  |TAMS 0x000000008a300000, 0x000000008a300000| Untracked 
| 164|0x000000008a400000, 0x000000008a400000, 0x000000008a500000|  0%| F|  |TAMS 0x000000008a400000, 0x000000008a400000| Untracked 
| 165|0x000000008a500000, 0x000000008a500000, 0x000000008a600000|  0%| F|  |TAMS 0x000000008a500000, 0x000000008a500000| Untracked 
| 166|0x000000008a600000, 0x000000008a600000, 0x000000008a700000|  0%| F|  |TAMS 0x000000008a600000, 0x000000008a600000| Untracked 
| 167|0x000000008a700000, 0x000000008a700000, 0x000000008a800000|  0%| F|  |TAMS 0x000000008a700000, 0x000000008a700000| Untracked 
| 168|0x000000008a800000, 0x000000008a800000, 0x000000008a900000|  0%| F|  |TAMS 0x000000008a800000, 0x000000008a800000| Untracked 
| 169|0x000000008a900000, 0x000000008a900000, 0x000000008aa00000|  0%| F|  |TAMS 0x000000008a900000, 0x000000008a900000| Untracked 
| 170|0x000000008aa00000, 0x000000008aa00000, 0x000000008ab00000|  0%| F|  |TAMS 0x000000008aa00000, 0x000000008aa00000| Untracked 
| 171|0x000000008ab00000, 0x000000008ab00000, 0x000000008ac00000|  0%| F|  |TAMS 0x000000008ab00000, 0x000000008ab00000| Untracked 
| 172|0x000000008ac00000, 0x000000008ac00000, 0x000000008ad00000|  0%| F|  |TAMS 0x000000008ac00000, 0x000000008ac00000| Untracked 
| 173|0x000000008ad00000, 0x000000008ad00000, 0x000000008ae00000|  0%| F|  |TAMS 0x000000008ad00000, 0x000000008ad00000| Untracked 
| 174|0x000000008ae00000, 0x000000008ae00000, 0x000000008af00000|  0%| F|  |TAMS 0x000000008ae00000, 0x000000008ae00000| Untracked 
| 175|0x000000008af00000, 0x000000008af00000, 0x000000008b000000|  0%| F|  |TAMS 0x000000008af00000, 0x000000008af00000| Untracked 
| 176|0x000000008b000000, 0x000000008b000000, 0x000000008b100000|  0%| F|  |TAMS 0x000000008b000000, 0x000000008b000000| Untracked 
| 177|0x000000008b100000, 0x000000008b100000, 0x000000008b200000|  0%| F|  |TAMS 0x000000008b100000, 0x000000008b100000| Untracked 
| 178|0x000000008b200000, 0x000000008b200000, 0x000000008b300000|  0%| F|  |TAMS 0x000000008b200000, 0x000000008b200000| Untracked 
| 179|0x000000008b300000, 0x000000008b300000, 0x000000008b400000|  0%| F|  |TAMS 0x000000008b300000, 0x000000008b300000| Untracked 
| 180|0x000000008b400000, 0x000000008b400000, 0x000000008b500000|  0%| F|  |TAMS 0x000000008b400000, 0x000000008b400000| Untracked 
| 181|0x000000008b500000, 0x000000008b500000, 0x000000008b600000|  0%| F|  |TAMS 0x000000008b500000, 0x000000008b500000| Untracked 
| 182|0x000000008b600000, 0x000000008b600000, 0x000000008b700000|  0%| F|  |TAMS 0x000000008b600000, 0x000000008b600000| Untracked 
| 183|0x000000008b700000, 0x000000008b700000, 0x000000008b800000|  0%| F|  |TAMS 0x000000008b700000, 0x000000008b700000| Untracked 
| 184|0x000000008b800000, 0x000000008b800000, 0x000000008b900000|  0%| F|  |TAMS 0x000000008b800000, 0x000000008b800000| Untracked 
| 185|0x000000008b900000, 0x000000008b900000, 0x000000008ba00000|  0%| F|  |TAMS 0x000000008b900000, 0x000000008b900000| Untracked 
| 186|0x000000008ba00000, 0x000000008ba00000, 0x000000008bb00000|  0%| F|  |TAMS 0x000000008ba00000, 0x000000008ba00000| Untracked 
| 187|0x000000008bb00000, 0x000000008bb00000, 0x000000008bc00000|  0%| F|  |TAMS 0x000000008bb00000, 0x000000008bb00000| Untracked 
| 188|0x000000008bc00000, 0x000000008bc00000, 0x000000008bd00000|  0%| F|  |TAMS 0x000000008bc00000, 0x000000008bc00000| Untracked 
| 189|0x000000008bd00000, 0x000000008bd00000, 0x000000008be00000|  0%| F|  |TAMS 0x000000008bd00000, 0x000000008bd00000| Untracked 
| 190|0x000000008be00000, 0x000000008be00000, 0x000000008bf00000|  0%| F|  |TAMS 0x000000008be00000, 0x000000008be00000| Untracked 
| 191|0x000000008bf00000, 0x000000008bf00000, 0x000000008c000000|  0%| F|  |TAMS 0x000000008bf00000, 0x000000008bf00000| Untracked 
| 192|0x000000008c000000, 0x000000008c000000, 0x000000008c100000|  0%| F|  |TAMS 0x000000008c000000, 0x000000008c000000| Untracked 
| 193|0x000000008c100000, 0x000000008c100000, 0x000000008c200000|  0%| F|  |TAMS 0x000000008c100000, 0x000000008c100000| Untracked 
| 194|0x000000008c200000, 0x000000008c200000, 0x000000008c300000|  0%| F|  |TAMS 0x000000008c200000, 0x000000008c200000| Untracked 
| 195|0x000000008c300000, 0x000000008c300000, 0x000000008c400000|  0%| F|  |TAMS 0x000000008c300000, 0x000000008c300000| Untracked 
| 196|0x000000008c400000, 0x000000008c400000, 0x000000008c500000|  0%| F|  |TAMS 0x000000008c400000, 0x000000008c400000| Untracked 
| 197|0x000000008c500000, 0x000000008c500000, 0x000000008c600000|  0%| F|  |TAMS 0x000000008c500000, 0x000000008c500000| Untracked 
| 198|0x000000008c600000, 0x000000008c600000, 0x000000008c700000|  0%| F|  |TAMS 0x000000008c600000, 0x000000008c600000| Untracked 
| 199|0x000000008c700000, 0x000000008c700000, 0x000000008c800000|  0%| F|  |TAMS 0x000000008c700000, 0x000000008c700000| Untracked 
| 200|0x000000008c800000, 0x000000008c800000, 0x000000008c900000|  0%| F|  |TAMS 0x000000008c800000, 0x000000008c800000| Untracked 
| 201|0x000000008c900000, 0x000000008c900000, 0x000000008ca00000|  0%| F|  |TAMS 0x000000008c900000, 0x000000008c900000| Untracked 
| 202|0x000000008ca00000, 0x000000008ca00000, 0x000000008cb00000|  0%| F|  |TAMS 0x000000008ca00000, 0x000000008ca00000| Untracked 
| 203|0x000000008cb00000, 0x000000008cb00000, 0x000000008cc00000|  0%| F|  |TAMS 0x000000008cb00000, 0x000000008cb00000| Untracked 
| 204|0x000000008cc00000, 0x000000008cc00000, 0x000000008cd00000|  0%| F|  |TAMS 0x000000008cc00000, 0x000000008cc00000| Untracked 
| 205|0x000000008cd00000, 0x000000008cdda5e0, 0x000000008ce00000| 85%| S|CS|TAMS 0x000000008cd00000, 0x000000008cd00000| Complete 
| 206|0x000000008ce00000, 0x000000008ce00000, 0x000000008cf00000|  0%| F|  |TAMS 0x000000008ce00000, 0x000000008ce00000| Untracked 
| 207|0x000000008cf00000, 0x000000008cf00000, 0x000000008d000000|  0%| F|  |TAMS 0x000000008cf00000, 0x000000008cf00000| Untracked 
| 208|0x000000008d000000, 0x000000008d000000, 0x000000008d100000|  0%| F|  |TAMS 0x000000008d000000, 0x000000008d000000| Untracked 
| 209|0x000000008d100000, 0x000000008d100000, 0x000000008d200000|  0%| F|  |TAMS 0x000000008d100000, 0x000000008d100000| Untracked 
| 210|0x000000008d200000, 0x000000008d200000, 0x000000008d300000|  0%| F|  |TAMS 0x000000008d200000, 0x000000008d200000| Untracked 
| 211|0x000000008d300000, 0x000000008d300000, 0x000000008d400000|  0%| F|  |TAMS 0x000000008d300000, 0x000000008d300000| Untracked 
| 212|0x000000008d400000, 0x000000008d400000, 0x000000008d500000|  0%| F|  |TAMS 0x000000008d400000, 0x000000008d400000| Untracked 
| 213|0x000000008d500000, 0x000000008d500000, 0x000000008d600000|  0%| F|  |TAMS 0x000000008d500000, 0x000000008d500000| Untracked 
| 214|0x000000008d600000, 0x000000008d600000, 0x000000008d700000|  0%| F|  |TAMS 0x000000008d600000, 0x000000008d600000| Untracked 
| 215|0x000000008d700000, 0x000000008d700000, 0x000000008d800000|  0%| F|  |TAMS 0x000000008d700000, 0x000000008d700000| Untracked 
| 216|0x000000008d800000, 0x000000008d800000, 0x000000008d900000|  0%| F|  |TAMS 0x000000008d800000, 0x000000008d800000| Untracked 
| 217|0x000000008d900000, 0x000000008d900000, 0x000000008da00000|  0%| F|  |TAMS 0x000000008d900000, 0x000000008d900000| Untracked 
| 218|0x000000008da00000, 0x000000008da00000, 0x000000008db00000|  0%| F|  |TAMS 0x000000008da00000, 0x000000008da00000| Untracked 
| 219|0x000000008db00000, 0x000000008db00000, 0x000000008dc00000|  0%| F|  |TAMS 0x000000008db00000, 0x000000008db00000| Untracked 
| 220|0x000000008dc00000, 0x000000008dc00000, 0x000000008dd00000|  0%| F|  |TAMS 0x000000008dc00000, 0x000000008dc00000| Untracked 
| 221|0x000000008dd00000, 0x000000008dd00000, 0x000000008de00000|  0%| F|  |TAMS 0x000000008dd00000, 0x000000008dd00000| Untracked 
| 222|0x000000008de00000, 0x000000008de00000, 0x000000008df00000|  0%| F|  |TAMS 0x000000008de00000, 0x000000008de00000| Untracked 
| 223|0x000000008df00000, 0x000000008df00000, 0x000000008e000000|  0%| F|  |TAMS 0x000000008df00000, 0x000000008df00000| Untracked 
| 224|0x000000008e000000, 0x000000008e000000, 0x000000008e100000|  0%| F|  |TAMS 0x000000008e000000, 0x000000008e000000| Untracked 
| 225|0x000000008e100000, 0x000000008e100000, 0x000000008e200000|  0%| F|  |TAMS 0x000000008e100000, 0x000000008e100000| Untracked 
| 226|0x000000008e200000, 0x000000008e200000, 0x000000008e300000|  0%| F|  |TAMS 0x000000008e200000, 0x000000008e200000| Untracked 
| 227|0x000000008e300000, 0x000000008e300000, 0x000000008e400000|  0%| F|  |TAMS 0x000000008e300000, 0x000000008e300000| Untracked 
| 228|0x000000008e400000, 0x000000008e400000, 0x000000008e500000|  0%| F|  |TAMS 0x000000008e400000, 0x000000008e400000| Untracked 
| 229|0x000000008e500000, 0x000000008e500000, 0x000000008e600000|  0%| F|  |TAMS 0x000000008e500000, 0x000000008e500000| Untracked 
| 230|0x000000008e600000, 0x000000008e600000, 0x000000008e700000|  0%| F|  |TAMS 0x000000008e600000, 0x000000008e600000| Untracked 

Card table byte_map: [0x00000279a8750000,0x00000279a8b50000] _byte_map_base: 0x00000279a8350000

Marking Bits (Prev, Next): (CMBitMap*) 0x0000027995562e78, (CMBitMap*) 0x0000027995562eb0
 Prev Bits: [0x00000279a8f50000, 0x00000279aaf50000)
 Next Bits: [0x00000279aaf50000, 0x00000279acf50000)

Polling page: 0x0000027994d00000

Metaspace:

Usage:
  Non-class:    114.97 MB capacity,   112.75 MB ( 98%) used,     1.84 MB (  2%) free+waste,   381.25 KB ( <1%) overhead. 
      Class:     16.80 MB capacity,    15.56 MB ( 93%) used,     1.07 MB (  6%) free+waste,   169.88 KB ( <1%) overhead. 
       Both:    131.77 MB capacity,   128.32 MB ( 97%) used,     2.91 MB (  2%) free+waste,   551.13 KB ( <1%) overhead. 

Virtual space:
  Non-class space:      116.00 MB reserved,     115.04 MB (>99%) committed 
      Class space:        1.00 GB reserved,      16.88 MB (  2%) committed 
             Both:        1.11 GB reserved,     131.91 MB ( 12%) committed 

Chunk freelists:
   Non-Class:  67.00 KB
       Class:  13.00 KB
        Both:  80.00 KB

MaxMetaspaceSize: 17179869184.00 GB
CompressedClassSpaceSize: 1.00 GB

CodeHeap 'non-profiled nmethods': size=120000Kb used=8553Kb max_used=9060Kb free=111446Kb
 bounds [0x00000279a0af0000, 0x00000279a13d0000, 0x00000279a8020000]
CodeHeap 'profiled nmethods': size=120000Kb used=39926Kb max_used=40812Kb free=80073Kb
 bounds [0x00000279995c0000, 0x000002799bda0000, 0x00000279a0af0000]
CodeHeap 'non-nmethods': size=5760Kb used=2436Kb max_used=2482Kb free=3323Kb
 bounds [0x0000027999020000, 0x00000279992a0000, 0x00000279995c0000]
 total_blobs=19766 nmethods=18669 adapters=1007
 compilation: enabled
              stopped_count=0, restarted_count=0
 full_count=0

Compilation events (20 events):
Event: 165.201 Thread 0x00000279b0238000 20334       2       com.android.aapt.Resources$Plural$Arity::getNumber (22 bytes)
Event: 165.201 Thread 0x00000279b0238000 nmethod 20334 0x0000027999b4e690 code [0x0000027999b4e860, 0x0000027999b4ea28]
Event: 165.201 Thread 0x00000279b0238000 20342       1       com.android.aaptcompiler.ResourcePathData::getFile (5 bytes)
Event: 165.201 Thread 0x00000279b0238000 nmethod 20342 0x00000279a0b6d590 code [0x00000279a0b6d740, 0x00000279a0b6d7f8]
Event: 165.201 Thread 0x00000279b0238000 20345       1       kotlin.ranges.IntProgression::getFirst (5 bytes)
Event: 165.201 Thread 0x00000279b0238000 nmethod 20345 0x00000279a0b6d290 code [0x00000279a0b6d440, 0x00000279a0b6d4f8]
Event: 165.201 Thread 0x00000279b0238000 20346       1       kotlin.ranges.IntProgression::getLast (5 bytes)
Event: 165.201 Thread 0x00000279b0238000 nmethod 20346 0x00000279a0b6ce10 code [0x00000279a0b6cfc0, 0x00000279a0b6d078]
Event: 165.201 Thread 0x00000279b0238000 20347       1       kotlin.ranges.IntProgression::getStep (5 bytes)
Event: 165.201 Thread 0x00000279b0238000 nmethod 20347 0x00000279a0b77210 code [0x00000279a0b773c0, 0x00000279a0b77478]
Event: 165.201 Thread 0x00000279b0238000 20349       1       com.android.aaptcompiler.android.ResStringPoolHeader::getFlags (5 bytes)
Event: 165.201 Thread 0x00000279b0238000 nmethod 20349 0x00000279a0b76f10 code [0x00000279a0b770c0, 0x00000279a0b77178]
Event: 165.201 Thread 0x00000279b0238000 20361       1       com.android.aaptcompiler.android.ResTableConfig::setSdkVersion (6 bytes)
Event: 165.201 Thread 0x00000279b0238000 nmethod 20361 0x00000279a0b76c10 code [0x00000279a0b76dc0, 0x00000279a0b76e78]
Event: 165.203 Thread 0x00000279b0238000 20365       2       com.android.aapt.Resources$Type::writeTo (83 bytes)
Event: 165.204 Thread 0x00000279b0238000 nmethod 20365 0x0000027999b54090 code [0x0000027999b54300, 0x0000027999b54a68]
Event: 165.206 Thread 0x00000279b944a000 nmethod 20013 0x00000279a0b78c10 code [0x00000279a0b78e40, 0x00000279a0b7aee8]
Event: 165.207 Thread 0x00000279b944a000 20366       4       com.ctc.wstx.sr.BasicStreamReader::readTextPrimary (447 bytes)
Event: 165.208 Thread 0x00000279b0238000 20368       2       com.ctc.wstx.sr.StreamScanner::skipCRLF (52 bytes)
Event: 165.208 Thread 0x00000279b0238000 nmethod 20368 0x0000027999b55a10 code [0x0000027999b55bc0, 0x0000027999b55d68]

GC Heap History (20 events):
Event: 163.499 GC heap after
{Heap after GC invocations=60 (full 0):
 garbage-first heap   total 196608K, used 157552K [0x0000000080000000, 0x0000000100000000)
  region size 1024K, 2 young (2048K), 2 survivors (2048K)
 Metaspace       used 125150K, capacity 128587K, committed 128804K, reserved 1161216K
  class space    used 15376K, capacity 16601K, committed 16640K, reserved 1048576K
}
Event: 163.735 GC heap before
{Heap before GC invocations=61 (full 0):
 garbage-first heap   total 196608K, used 168816K [0x0000000080000000, 0x0000000100000000)
  region size 1024K, 14 young (14336K), 2 survivors (2048K)
 Metaspace       used 127175K, capacity 130623K, committed 130852K, reserved 1163264K
  class space    used 15629K, capacity 16896K, committed 16896K, reserved 1048576K
}
Event: 163.741 GC heap after
{Heap after GC invocations=62 (full 0):
 garbage-first heap   total 196608K, used 158548K [0x0000000080000000, 0x0000000100000000)
  region size 1024K, 1 young (1024K), 1 survivors (1024K)
 Metaspace       used 127175K, capacity 130623K, committed 130852K, reserved 1163264K
  class space    used 15629K, capacity 16896K, committed 16896K, reserved 1048576K
}
Event: 163.852 GC heap before
{Heap before GC invocations=62 (full 0):
 garbage-first heap   total 196608K, used 165716K [0x0000000080000000, 0x0000000100000000)
  region size 1024K, 9 young (9216K), 1 survivors (1024K)
 Metaspace       used 127288K, capacity 130824K, committed 130980K, reserved 1163264K
  class space    used 15632K, capacity 16898K, committed 17024K, reserved 1048576K
}
Event: 163.855 GC heap after
{Heap after GC invocations=63 (full 0):
 garbage-first heap   total 196608K, used 158155K [0x0000000080000000, 0x0000000100000000)
  region size 1024K, 1 young (1024K), 1 survivors (1024K)
 Metaspace       used 127288K, capacity 130824K, committed 130980K, reserved 1163264K
  class space    used 15632K, capacity 16898K, committed 17024K, reserved 1048576K
}
Event: 163.958 GC heap before
{Heap before GC invocations=63 (full 0):
 garbage-first heap   total 196608K, used 169419K [0x0000000080000000, 0x0000000100000000)
  region size 1024K, 12 young (12288K), 1 survivors (1024K)
 Metaspace       used 127298K, capacity 130825K, committed 130980K, reserved 1163264K
  class space    used 15632K, capacity 16898K, committed 17024K, reserved 1048576K
}
Event: 163.960 GC heap after
{Heap after GC invocations=64 (full 0):
 garbage-first heap   total 196608K, used 158170K [0x0000000080000000, 0x0000000100000000)
  region size 1024K, 1 young (1024K), 1 survivors (1024K)
 Metaspace       used 127298K, capacity 130825K, committed 130980K, reserved 1163264K
  class space    used 15632K, capacity 16898K, committed 17024K, reserved 1048576K
}
Event: 164.041 GC heap before
{Heap before GC invocations=64 (full 0):
 garbage-first heap   total 196608K, used 169434K [0x0000000080000000, 0x0000000100000000)
  region size 1024K, 12 young (12288K), 1 survivors (1024K)
 Metaspace       used 127304K, capacity 130825K, committed 130980K, reserved 1163264K
  class space    used 15632K, capacity 16898K, committed 17024K, reserved 1048576K
}
Event: 164.043 GC heap after
{Heap after GC invocations=65 (full 0):
 garbage-first heap   total 196608K, used 158169K [0x0000000080000000, 0x0000000100000000)
  region size 1024K, 1 young (1024K), 1 survivors (1024K)
 Metaspace       used 127304K, capacity 130825K, committed 130980K, reserved 1163264K
  class space    used 15632K, capacity 16898K, committed 17024K, reserved 1048576K
}
Event: 164.075 GC heap before
{Heap before GC invocations=65 (full 0):
 garbage-first heap   total 196608K, used 169433K [0x0000000080000000, 0x0000000100000000)
  region size 1024K, 12 young (12288K), 1 survivors (1024K)
 Metaspace       used 127305K, capacity 130825K, committed 130980K, reserved 1163264K
  class space    used 15632K, capacity 16898K, committed 17024K, reserved 1048576K
}
Event: 164.078 GC heap after
{Heap after GC invocations=66 (full 0):
 garbage-first heap   total 196608K, used 158151K [0x0000000080000000, 0x0000000100000000)
  region size 1024K, 1 young (1024K), 1 survivors (1024K)
 Metaspace       used 127305K, capacity 130825K, committed 130980K, reserved 1163264K
  class space    used 15632K, capacity 16898K, committed 17024K, reserved 1048576K
}
Event: 164.120 GC heap before
{Heap before GC invocations=66 (full 0):
 garbage-first heap   total 196608K, used 170439K [0x0000000080000000, 0x0000000100000000)
  region size 1024K, 13 young (13312K), 1 survivors (1024K)
 Metaspace       used 127306K, capacity 130825K, committed 130980K, reserved 1163264K
  class space    used 15632K, capacity 16898K, committed 17024K, reserved 1048576K
}
Event: 164.123 GC heap after
{Heap after GC invocations=67 (full 0):
 garbage-first heap   total 236544K, used 158230K [0x0000000080000000, 0x0000000100000000)
  region size 1024K, 1 young (1024K), 1 survivors (1024K)
 Metaspace       used 127306K, capacity 130825K, committed 130980K, reserved 1163264K
  class space    used 15632K, capacity 16898K, committed 17024K, reserved 1048576K
}
Event: 164.536 GC heap before
{Heap before GC invocations=68 (full 0):
 garbage-first heap   total 236544K, used 198166K [0x0000000080000000, 0x0000000100000000)
  region size 1024K, 26 young (26624K), 1 survivors (1024K)
 Metaspace       used 127654K, capacity 131153K, committed 131492K, reserved 1163264K
  class space    used 15659K, capacity 16912K, committed 17024K, reserved 1048576K
}
Event: 164.539 GC heap after
{Heap after GC invocations=69 (full 0):
 garbage-first heap   total 236544K, used 158821K [0x0000000080000000, 0x0000000100000000)
  region size 1024K, 2 young (2048K), 2 survivors (2048K)
 Metaspace       used 127654K, capacity 131153K, committed 131492K, reserved 1163264K
  class space    used 15659K, capacity 16912K, committed 17024K, reserved 1048576K
}
Event: 164.768 GC heap before
{Heap before GC invocations=69 (full 0):
 garbage-first heap   total 236544K, used 184421K [0x0000000080000000, 0x0000000100000000)
  region size 1024K, 28 young (28672K), 2 survivors (2048K)
 Metaspace       used 129729K, capacity 133204K, committed 133412K, reserved 1165312K
  class space    used 15827K, capacity 17075K, committed 17152K, reserved 1048576K
}
Event: 164.774 GC heap after
{Heap after GC invocations=70 (full 0):
 garbage-first heap   total 236544K, used 162203K [0x0000000080000000, 0x0000000100000000)
  region size 1024K, 4 young (4096K), 4 survivors (4096K)
 Metaspace       used 129729K, capacity 133204K, committed 133412K, reserved 1165312K
  class space    used 15827K, capacity 17075K, committed 17152K, reserved 1048576K
}
Event: 165.017 GC heap before
{Heap before GC invocations=70 (full 0):
 garbage-first heap   total 236544K, used 187803K [0x0000000080000000, 0x0000000100000000)
  region size 1024K, 30 young (30720K), 4 survivors (4096K)
 Metaspace       used 131057K, capacity 134516K, committed 134820K, reserved 1167360K
  class space    used 15921K, capacity 17171K, committed 17280K, reserved 1048576K
}
Event: 165.025 GC heap after
{Heap after GC invocations=71 (full 0):
 garbage-first heap   total 236544K, used 165707K [0x0000000080000000, 0x0000000100000000)
  region size 1024K, 4 young (4096K), 4 survivors (4096K)
 Metaspace       used 131057K, capacity 134516K, committed 134820K, reserved 1167360K
  class space    used 15921K, capacity 17171K, committed 17280K, reserved 1048576K
}
Event: 165.211 GC heap before
{Heap before GC invocations=71 (full 0):
 garbage-first heap   total 236544K, used 191307K [0x0000000080000000, 0x0000000100000000)
  region size 1024K, 29 young (29696K), 4 survivors (4096K)
 Metaspace       used 131397K, capacity 134932K, committed 135076K, reserved 1167360K
  class space    used 15938K, capacity 17203K, committed 17280K, reserved 1048576K
}

Deoptimization events (20 events):
Event: 164.930 Thread 0x00000279b1757800 Uncommon trap: trap_request=0xffffff4d fr.pc=0x00000279a0d65184 relative=0x0000000000000444
Event: 164.930 Thread 0x00000279b1757800 Uncommon trap: reason=unstable_if action=reinterpret pc=0x00000279a0d65184 method=java.lang.String.substring(II)Ljava/lang/String; @ 31 c2
Event: 164.930 Thread 0x00000279b1757800 DEOPT PACKING pc=0x00000279a0d65184 sp=0x000000f97fcfd050
Event: 164.930 Thread 0x00000279b1757800 DEOPT UNPACKING pc=0x000002799904662f sp=0x000000f97fcfcf98 mode 2
Event: 164.930 Thread 0x00000279b1757800 Uncommon trap: trap_request=0xffffff4d fr.pc=0x00000279a0b5e318 relative=0x0000000000000458
Event: 164.930 Thread 0x00000279b1757800 Uncommon trap: reason=unstable_if action=reinterpret pc=0x00000279a0b5e318 method=java.lang.String.substring(II)Ljava/lang/String; @ 31 c2
Event: 164.930 Thread 0x00000279b1757800 DEOPT PACKING pc=0x00000279a0b5e318 sp=0x000000f97fcfcfc0
Event: 164.930 Thread 0x00000279b1757800 DEOPT UNPACKING pc=0x000002799904662f sp=0x000000f97fcfcf90 mode 2
Event: 164.948 Thread 0x00000279b1757800 DEOPT PACKING pc=0x0000027999739231 sp=0x000000f97fcfd0a0
Event: 164.948 Thread 0x00000279b1757800 DEOPT UNPACKING pc=0x0000027999046dde sp=0x000000f97fcfc570 mode 0
Event: 164.950 Thread 0x00000279b1757800 DEOPT PACKING pc=0x00000279997337ee sp=0x000000f97fcfcea0
Event: 164.950 Thread 0x00000279b1757800 DEOPT UNPACKING pc=0x0000027999046dde sp=0x000000f97fcfc350 mode 0
Event: 164.950 Thread 0x00000279b1757800 DEOPT PACKING pc=0x000002799bbd55df sp=0x000000f97fcfce30
Event: 164.950 Thread 0x00000279b1757800 DEOPT UNPACKING pc=0x0000027999046dde sp=0x000000f97fcfc2c0 mode 0
Event: 165.011 Thread 0x00000279b175b800 Uncommon trap: trap_request=0xffffff4d fr.pc=0x00000279a0b4b580 relative=0x0000000000000620
Event: 165.011 Thread 0x00000279b175b800 Uncommon trap: reason=unstable_if action=reinterpret pc=0x00000279a0b4b580 method=java.lang.String.regionMatches(ZILjava/lang/String;II)Z @ 52 c2
Event: 165.011 Thread 0x00000279b175b800 DEOPT PACKING pc=0x00000279a0b4b580 sp=0x000000f97fafcce0
Event: 165.011 Thread 0x00000279b175b800 DEOPT UNPACKING pc=0x000002799904662f sp=0x000000f97fafcc60 mode 2
Event: 165.187 Thread 0x00000279b175b800 DEOPT PACKING pc=0x000002799a401b21 sp=0x000000f97fafcf10
Event: 165.187 Thread 0x00000279b175b800 DEOPT UNPACKING pc=0x0000027999046dde sp=0x000000f97fafc398 mode 0

Classes redefined (0 events):
No events

Internal exceptions (20 events):
Event: 162.668 Thread 0x00000279b3cb9800 Exception <a 'java/lang/NoSuchMethodError'{0x000000008af00080}: <clinit>> (0x000000008af00080) thrown at [./src/hotspot/share/prims/jni.cpp, line 1362]
Event: 162.674 Thread 0x00000279b3cb9800 Exception <a 'java/lang/NoSuchMethodError'{0x000000008bf6f320}: <clinit>> (0x000000008bf6f320) thrown at [./src/hotspot/share/prims/jni.cpp, line 1362]
Event: 162.675 Thread 0x00000279b3cb9800 Exception <a 'java/lang/NoSuchMethodError'{0x000000008bf71ee8}: <clinit>> (0x000000008bf71ee8) thrown at [./src/hotspot/share/prims/jni.cpp, line 1362]
Event: 162.675 Thread 0x00000279b3cb9800 Exception <a 'java/lang/NoSuchMethodError'{0x000000008bf768c8}: <clinit>> (0x000000008bf768c8) thrown at [./src/hotspot/share/prims/jni.cpp, line 1362]
Event: 162.675 Thread 0x00000279b3cb9800 Exception <a 'java/lang/NoSuchMethodError'{0x000000008bf82068}: <clinit>> (0x000000008bf82068) thrown at [./src/hotspot/share/prims/jni.cpp, line 1362]
Event: 162.680 Thread 0x00000279b3cb9800 Exception <a 'java/lang/NoSuchMethodError'{0x000000008bfd1af0}: <clinit>> (0x000000008bfd1af0) thrown at [./src/hotspot/share/prims/jni.cpp, line 1362]
Event: 162.682 Thread 0x00000279b3cb9800 Exception <a 'java/lang/NoSuchMethodError'{0x000000008be07538}: <clinit>> (0x000000008be07538) thrown at [./src/hotspot/share/prims/jni.cpp, line 1362]
Event: 162.684 Thread 0x00000279b3cb9800 Exception <a 'java/lang/NoSuchMethodError'{0x000000008be393d0}: <clinit>> (0x000000008be393d0) thrown at [./src/hotspot/share/prims/jni.cpp, line 1362]
Event: 162.684 Thread 0x00000279b3cb9800 Exception <a 'java/lang/NoSuchMethodError'{0x000000008be3c838}: <clinit>> (0x000000008be3c838) thrown at [./src/hotspot/share/prims/jni.cpp, line 1362]
Event: 162.684 Thread 0x00000279b3cb9800 Exception <a 'java/lang/NoSuchMethodError'{0x000000008be3f4a8}: <clinit>> (0x000000008be3f4a8) thrown at [./src/hotspot/share/prims/jni.cpp, line 1362]
Event: 162.685 Thread 0x00000279b3cb9800 Exception <a 'java/lang/NoSuchMethodError'{0x000000008be57710}: <clinit>> (0x000000008be57710) thrown at [./src/hotspot/share/prims/jni.cpp, line 1362]
Event: 162.687 Thread 0x00000279b3cb9800 Exception <a 'java/lang/NoSuchMethodError'{0x000000008be6ea30}: <clinit>> (0x000000008be6ea30) thrown at [./src/hotspot/share/prims/jni.cpp, line 1362]
Event: 162.688 Thread 0x00000279b3cb9800 Exception <a 'java/lang/NoSuchMethodError'{0x000000008be907a0}: <clinit>> (0x000000008be907a0) thrown at [./src/hotspot/share/prims/jni.cpp, line 1362]
Event: 162.689 Thread 0x00000279b3cb9800 Exception <a 'java/lang/NoSuchMethodError'{0x000000008bea3220}: <clinit>> (0x000000008bea3220) thrown at [./src/hotspot/share/prims/jni.cpp, line 1362]
Event: 162.765 Thread 0x00000279b3cb9800 Exception <a 'java/lang/NoSuchMethodError'{0x000000008b98ff60}: <clinit>> (0x000000008b98ff60) thrown at [./src/hotspot/share/prims/jni.cpp, line 1362]
Event: 162.773 Thread 0x00000279b1759000 Exception <a 'java/lang/ClassNotFoundException'{0x000000008ba07538}: sun/awt/resources/spi/awtProvider> (0x000000008ba07538) thrown at [./src/hotspot/share/classfile/systemDictionary.cpp, line 231]
Event: 162.781 Thread 0x00000279b1759000 Exception <a 'java/io/FileNotFoundException'{0x000000008b739560}> (0x000000008b739560) thrown at [./src/hotspot/share/prims/jni.cpp, line 615]
Event: 162.782 Thread 0x00000279b1759000 Exception <a 'java/io/FileNotFoundException'{0x000000008b73d508}> (0x000000008b73d508) thrown at [./src/hotspot/share/prims/jni.cpp, line 615]
Event: 164.454 Thread 0x00000279b3cb9800 Implicit null exception at 0x00000279a1393298 to 0x00000279a1398558
Event: 164.519 Thread 0x00000279b3cb9800 Exception <a 'java/lang/NoSuchMethodError'{0x000000008d17df78}: <clinit>> (0x000000008d17df78) thrown at [./src/hotspot/share/prims/jni.cpp, line 1362]

Events (20 events):
Event: 165.075 loading class com/android/aapt/Resources$Primitive$EmptyType$Builder done
Event: 165.078 loading class com/android/aapt/Resources$Styleable$1
Event: 165.078 loading class com/android/aapt/Resources$Styleable$1 done
Event: 165.079 loading class com/android/aapt/Resources$Styleable$Builder
Event: 165.079 loading class com/android/aapt/Resources$Styleable$Builder done
Event: 165.080 loading class com/android/aapt/Resources$Styleable$Entry
Event: 165.080 loading class com/android/aapt/Resources$Styleable$Entry done
Event: 165.080 loading class com/android/aapt/Resources$Styleable$EntryOrBuilder
Event: 165.080 loading class com/android/aapt/Resources$Styleable$EntryOrBuilder done
Event: 165.081 loading class com/android/aapt/Resources$Styleable$Entry$1
Event: 165.081 loading class com/android/aapt/Resources$Styleable$Entry$1 done
Event: 165.082 loading class com/android/aapt/Resources$Styleable$Entry$Builder
Event: 165.082 loading class com/android/aapt/Resources$Styleable$Entry$Builder done
Event: 165.209 loading class com/android/aaptcompiler/BlameLogger$1
Event: 165.209 loading class com/android/aaptcompiler/BlameLogger$1 done
Event: 165.209 loading class com/android/aaptcompiler/ResourceCompiler$getCompileMethod$3
Event: 165.209 loading class com/android/aaptcompiler/ResourceCompiler$getCompileMethod$3 done
Event: 165.210 loading class com/android/aaptcompiler/ResourceFile
Event: 165.210 loading class com/android/aaptcompiler/ResourceFile done
Event: 165.211 Executing VM operation: G1CollectForAllocation


Dynamic libraries:
0x00007ff784fd0000 - 0x00007ff784fda000 	C:\Program Files\Android\Android Studio\jre\bin\java.exe
0x00007ffdd97a0000 - 0x00007ffdd99a9000 	C:\WINDOWS\SYSTEM32\ntdll.dll
0x00007ffdd7b90000 - 0x00007ffdd7c4d000 	C:\WINDOWS\System32\KERNEL32.DLL
0x00007ffdd6c90000 - 0x00007ffdd7004000 	C:\WINDOWS\System32\KERNELBASE.dll
0x00007ffdd74a0000 - 0x00007ffdd75b1000 	C:\WINDOWS\System32\ucrtbase.dll
0x00007ffd90060000 - 0x00007ffd90077000 	C:\Program Files\Android\Android Studio\jre\bin\VCRUNTIME140.dll
0x00007ffd90170000 - 0x00007ffd90189000 	C:\Program Files\Android\Android Studio\jre\bin\jli.dll
0x00007ffdd79e0000 - 0x00007ffdd7b8c000 	C:\WINDOWS\System32\USER32.dll
0x00007ffdc16d0000 - 0x00007ffdc1975000 	C:\WINDOWS\WinSxS\amd64_microsoft.windows.common-controls_6595b64144ccf1df_6.0.22000.120_none_9d947278b86cc467\COMCTL32.dll
0x00007ffdd7470000 - 0x00007ffdd7496000 	C:\WINDOWS\System32\win32u.dll
0x00007ffdd76c0000 - 0x00007ffdd7763000 	C:\WINDOWS\System32\msvcrt.dll
0x00007ffdd7d80000 - 0x00007ffdd7da9000 	C:\WINDOWS\System32\GDI32.dll
0x00007ffdd7120000 - 0x00007ffdd7232000 	C:\WINDOWS\System32\gdi32full.dll
0x00007ffdd7010000 - 0x00007ffdd70ad000 	C:\WINDOWS\System32\msvcp_win.dll
0x00007ffdd7640000 - 0x00007ffdd7671000 	C:\WINDOWS\System32\IMM32.DLL
0x00007ffd50600000 - 0x00007ffd5069d000 	C:\Program Files\Android\Android Studio\jre\bin\msvcp140.dll
0x00007ffd51770000 - 0x00007ffd52245000 	C:\Program Files\Android\Android Studio\jre\bin\server\jvm.dll
0x00007ffdd86d0000 - 0x00007ffdd877e000 	C:\WINDOWS\System32\ADVAPI32.dll
0x00007ffdd7ce0000 - 0x00007ffdd7d7e000 	C:\WINDOWS\System32\sechost.dll
0x00007ffdd78c0000 - 0x00007ffdd79e0000 	C:\WINDOWS\System32\RPCRT4.dll
0x00007ffdd76b0000 - 0x00007ffdd76b8000 	C:\WINDOWS\System32\PSAPI.DLL
0x00007ffdc5ec0000 - 0x00007ffdc5ec9000 	C:\WINDOWS\SYSTEM32\WSOCK32.dll
0x00007ffdd1640000 - 0x00007ffdd1673000 	C:\WINDOWS\SYSTEM32\WINMM.dll
0x00007ffdd05a0000 - 0x00007ffdd05aa000 	C:\WINDOWS\SYSTEM32\VERSION.dll
0x00007ffdd96f0000 - 0x00007ffdd975f000 	C:\WINDOWS\System32\WS2_32.dll
0x00007ffdd5e80000 - 0x00007ffdd5e98000 	C:\WINDOWS\SYSTEM32\kernel.appcore.dll
0x00007ffd91760000 - 0x00007ffd91771000 	C:\Program Files\Android\Android Studio\jre\bin\verify.dll
0x00007ffdbd440000 - 0x00007ffdbd661000 	C:\WINDOWS\SYSTEM32\DBGHELP.DLL
0x00007ffdb94b0000 - 0x00007ffdb94e1000 	C:\WINDOWS\SYSTEM32\dbgcore.DLL
0x00007ffdd75c0000 - 0x00007ffdd763f000 	C:\WINDOWS\System32\bcryptPrimitives.dll
0x00007ffd91730000 - 0x00007ffd91759000 	C:\Program Files\Android\Android Studio\jre\bin\java.dll
0x00007ffdaed40000 - 0x00007ffdaed4b000 	C:\Program Files\Android\Android Studio\jre\bin\jimage.dll
0x00007ffd91710000 - 0x00007ffd91728000 	C:\Program Files\Android\Android Studio\jre\bin\zip.dll
0x00007ffdd8a10000 - 0x00007ffdd91be000 	C:\WINDOWS\System32\SHELL32.dll
0x00007ffdd4e10000 - 0x00007ffdd5678000 	C:\WINDOWS\SYSTEM32\windows.storage.dll
0x00007ffdd7db0000 - 0x00007ffdd8128000 	C:\WINDOWS\System32\combase.dll
0x00007ffdd4ca0000 - 0x00007ffdd4e06000 	C:\WINDOWS\SYSTEM32\wintypes.dll
0x00007ffdd77d0000 - 0x00007ffdd78ba000 	C:\WINDOWS\System32\SHCORE.dll
0x00007ffdd9690000 - 0x00007ffdd96ed000 	C:\WINDOWS\System32\shlwapi.dll
0x00007ffdd6bc0000 - 0x00007ffdd6be1000 	C:\WINDOWS\SYSTEM32\profapi.dll
0x00007ffd916f0000 - 0x00007ffd9170a000 	C:\Program Files\Android\Android Studio\jre\bin\net.dll
0x00007ffdd1a90000 - 0x00007ffdd1b9c000 	C:\WINDOWS\SYSTEM32\WINHTTP.dll
0x00007ffdd62b0000 - 0x00007ffdd6317000 	C:\WINDOWS\system32\mswsock.dll
0x00007ffd916d0000 - 0x00007ffd916e4000 	C:\Program Files\Android\Android Studio\jre\bin\nio.dll
0x00007ffda43c0000 - 0x00007ffda43e7000 	C:\Users\Niveon\.gradle\native\e1d6ef7f7dcc3fd88c89a11ec53ec762bb8ba0a96d01ffa2cd45eb1d1d8dd5c5\windows-amd64\native-platform.dll
0x00007ffda32f0000 - 0x00007ffda3434000 	C:\Users\Niveon\.gradle\native\5664cfc778a61ccfe75a443a1ab52a65af34e5dc3c78e0209fed803814484fcb\windows-amd64\native-platform-file-events.dll
0x00007ffdac900000 - 0x00007ffdac90a000 	C:\Program Files\Android\Android Studio\jre\bin\management.dll
0x00007ffdab080000 - 0x00007ffdab08d000 	C:\Program Files\Android\Android Studio\jre\bin\management_ext.dll
0x00007ffdd64f0000 - 0x00007ffdd6508000 	C:\WINDOWS\SYSTEM32\CRYPTSP.dll
0x00007ffdd5de0000 - 0x00007ffdd5e15000 	C:\WINDOWS\system32\rsaenh.dll
0x00007ffdd63a0000 - 0x00007ffdd63c9000 	C:\WINDOWS\SYSTEM32\USERENV.dll
0x00007ffdd6670000 - 0x00007ffdd6697000 	C:\WINDOWS\SYSTEM32\bcrypt.dll
0x00007ffdd6510000 - 0x00007ffdd651c000 	C:\WINDOWS\SYSTEM32\CRYPTBASE.dll
0x00007ffdd59b0000 - 0x00007ffdd59dd000 	C:\WINDOWS\SYSTEM32\IPHLPAPI.DLL
0x00007ffdd8150000 - 0x00007ffdd8159000 	C:\WINDOWS\System32\NSI.dll
0x00007ffdd18a0000 - 0x00007ffdd18b9000 	C:\WINDOWS\SYSTEM32\dhcpcsvc6.DLL
0x00007ffdd1d10000 - 0x00007ffdd1d2e000 	C:\WINDOWS\SYSTEM32\dhcpcsvc.DLL
0x00007ffdd59e0000 - 0x00007ffdd5ac7000 	C:\WINDOWS\SYSTEM32\DNSAPI.dll
0x00007ffdb0af0000 - 0x00007ffdb0b17000 	C:\Program Files\Android\Android Studio\jre\bin\sunec.dll
0x00007ffdd05b0000 - 0x00007ffdd05ba000 	C:\Windows\System32\rasadhlp.dll
0x00007ffdd09b0000 - 0x00007ffdd0a31000 	C:\WINDOWS\System32\fwpuclnt.dll
0x00007ffda3440000 - 0x00007ffda35e5000 	C:\Program Files\Android\Android Studio\jre\bin\awt.dll
0x00007ffdd8580000 - 0x00007ffdd8656000 	C:\WINDOWS\System32\OLEAUT32.dll
0x00007ffdd4780000 - 0x00007ffdd47af000 	C:\WINDOWS\SYSTEM32\dwmapi.dll
0x00007ffdd4230000 - 0x00007ffdd42c1000 	C:\WINDOWS\SYSTEM32\apphelp.dll
0x00007ffdd43d0000 - 0x00007ffdd447c000 	C:\WINDOWS\system32\uxtheme.dll

dbghelp: loaded successfully - version: 4.0.5 - missing functions: none
symbol engine: initialized successfully - sym options: 0x614 - pdb path: .;C:\Program Files\Android\Android Studio\jre\bin;C:\WINDOWS\SYSTEM32;C:\WINDOWS\WinSxS\amd64_microsoft.windows.common-controls_6595b64144ccf1df_6.0.22000.120_none_9d947278b86cc467;C:\Program Files\Android\Android Studio\jre\bin\server;C:\Users\Niveon\.gradle\native\e1d6ef7f7dcc3fd88c89a11ec53ec762bb8ba0a96d01ffa2cd45eb1d1d8dd5c5\windows-amd64;C:\Users\Niveon\.gradle\native\5664cfc778a61ccfe75a443a1ab52a65af34e5dc3c78e0209fed803814484fcb\windows-amd64

VM Arguments:
jvm_args: --add-opens=java.base/java.util=ALL-UNNAMED --add-opens=java.base/java.lang=ALL-UNNAMED --add-opens=java.base/java.lang.invoke=ALL-UNNAMED --add-opens=java.base/java.util=ALL-UNNAMED --add-opens=java.prefs/java.util.prefs=ALL-UNNAMED --add-opens=java.prefs/java.util.prefs=ALL-UNNAMED --add-opens=java.base/java.nio.charset=ALL-UNNAMED --add-opens=java.base/java.net=ALL-UNNAMED --add-opens=java.base/java.util.concurrent.atomic=ALL-UNNAMED -Xmx2048m -Dfile.encoding=UTF-8 -Duser.country=ID -Duser.language=en -Duser.variant 
java_command: org.gradle.launcher.daemon.bootstrap.GradleDaemon 7.2
java_class_path (initial): C:\Users\Niveon\.gradle\wrapper\dists\gradle-7.2-bin\2dnblmf4td7x66yl1d74lt32g\gradle-7.2\lib\gradle-launcher-7.2.jar
Launcher Type: SUN_STANDARD

[Global flags]
     intx CICompilerCount                          = 4                                         {product} {ergonomic}
     uint ConcGCThreads                            = 2                                         {product} {ergonomic}
     uint G1ConcRefinementThreads                  = 8                                         {product} {ergonomic}
   size_t G1HeapRegionSize                         = 1048576                                   {product} {ergonomic}
    uintx GCDrainStackTargetSize                   = 64                                        {product} {ergonomic}
   size_t InitialHeapSize                          = 201326592                                 {product} {ergonomic}
   size_t MarkStackSize                            = 4194304                                   {product} {ergonomic}
   size_t MaxHeapSize                              = 2147483648                                {product} {command line}
   size_t MaxNewSize                               = 1287651328                                {product} {ergonomic}
   size_t MinHeapDeltaBytes                        = 1048576                                   {product} {ergonomic}
    uintx NonNMethodCodeHeapSize                   = 5836300                                {pd product} {ergonomic}
    uintx NonProfiledCodeHeapSize                  = 122910970                              {pd product} {ergonomic}
    uintx ProfiledCodeHeapSize                     = 122910970                              {pd product} {ergonomic}
    uintx ReservedCodeCacheSize                    = 251658240                              {pd product} {ergonomic}
     bool SegmentedCodeCache                       = true                                      {product} {ergonomic}
     bool UseCompressedClassPointers               = true                                 {lp64_product} {ergonomic}
     bool UseCompressedOops                        = true                                 {lp64_product} {ergonomic}
     bool UseG1GC                                  = true                                      {product} {ergonomic}
     bool UseLargePagesIndividualAllocation        = false                                  {pd product} {ergonomic}

Logging:
Log output configuration:
 #0: stdout all=warning uptime,level,tags
 #1: stderr all=off uptime,level,tags

Environment Variables:
PATH=C:\Python310\Scripts\;C:\Python310\;C:\WINDOWS\system32;C:\WINDOWS;C:\WINDOWS\System32\Wbem;C:\WINDOWS\System32\WindowsPowerShell\v1.0\;C:\WINDOWS\System32\OpenSSH\;C:\xampp\php;C:\ProgramData\ComposerSetup\bin;C:\Program Files\Git\cmd;C:\ProgramData\chocolatey\bin;C:\Program Files\nodejs\;C:\Program Files\PowerShell\7\;C:\Users\Niveon\AppData\Local\Microsoft\WindowsApps;;C:\Users\Niveon\AppData\Local\Programs\Microsoft VS Code\bin;C:\Users\Niveon\AppData\Roaming\Composer\vendor\bin;C:\Users\Niveon\AppData\Roaming\npm
USERNAME=Niveon
OS=Windows_NT
PROCESSOR_IDENTIFIER=Intel64 Family 6 Model 142 Stepping 10, GenuineIntel



---------------  S Y S T E M  ---------------

OS: Windows 10 , 64 bit Build 22000 (10.0.22000.434)
OS uptime: 0 days 20:09 hours

CPU:total 8 (initial active 8) (4 cores per cpu, 2 threads per core) family 6 model 142 stepping 10 microcode 0xe0, cmov, cx8, fxsr, mmx, sse, sse2, sse3, ssse3, sse4.1, sse4.2, popcnt, avx, avx2, aes, clmul, erms, 3dnowpref, lzcnt, ht, tsc, tscinvbit, bmi1, bmi2, adx, fma

Memory: 4k page, system-wide physical 12165M (334M free)
TotalPageFile size 27347M (AvailPageFile size 41M)
current process WorkingSet (physical memory assigned to process): 574M, peak: 578M
current process commit charge ("private bytes"): 616M, peak: 666M

vm_info: OpenJDK 64-Bit Server VM (11.0.11+9-b60-7590822) for windows-amd64 JRE (11.0.11+9-b60-7590822), built on Jul 29 2021 21:43:44 by "builder" with MS VC++ 14.0 (VS2015)

END.
